Warning: Scenario FUNC_Fast is not configured for setup analysis: skipping. (UIC-058)
****************************************
Report : timing
        -path_type full
        -delay_type max
        -max_paths 1
        -report_by design
Design : riscv_core
Version: V-2023.12-SP3
Date   : Sun Jul 12 20:49:23 2026
****************************************

  Startpoint: u_fetch/skid_valid_q_reg (rising edge-triggered flip-flop clocked by clk_i)
  Endpoint: u_fetch/branch_pc_q_reg[14] (rising edge-triggered flip-flop clocked by clk_i)
  Mode: FUNC
  Corner: Slow
  Scenario: FUNC_Slow
  Path Group: clk_i
  Path Type: max

  Point                                            Incr      Path  
  ------------------------------------------------------------------------
  clock clk_i (rise edge)                          0.00      0.00
  clock network delay (propagated)                 0.08      0.08

  u_fetch/skid_valid_q_reg/CK (SAEDHVT14_FSDPRBQ_V2LP_2)
                                                   0.00      0.08 r
  u_fetch/skid_valid_q_reg/Q (SAEDHVT14_FSDPRBQ_V2LP_2)
                                                   0.17      0.24 r
  place_optHFSINV_1821_2480/X (SAEDRVT14_INV_S_1P5)
                                                   0.12      0.37 f
  ctmi_41312/X (SAEDHVT14_OAI22_0P5)               0.45      0.82 r
  ctmi_41410/X (SAEDHVT14_ND2_CDC_0P5)             0.34      1.16 f
  ctmi_41413/X (SAEDHVT14_INV_0P5)                 0.23      1.39 r
  ctmi_41648/X (SAEDHVT14_NR2_1)                   0.17      1.56 f
  ctmi_41691/X (SAEDHVT14_ND2_CDC_0P5)             0.07      1.63 r
  ctmi_41778/X (SAEDHVT14_INV_S_0P5)               0.05      1.68 f
  ctmi_41777/X (SAEDHVT14_NR2_MM_0P5)              0.05      1.73 r
  ctmi_41826/X (SAEDHVT14_NR2B_U_0P5)              0.07      1.80 r
  ctmi_41926/X (SAEDHVT14_ND2B_U_0P5)              0.53      2.33 f
  ctmi_42164/X (SAEDHVT14_OAI22_0P5)               0.36      2.68 r
  ctmi_42161/X (SAEDHVT14_AO221_0P5)               0.09      2.78 r
  ctmi_42154/X (SAEDHVT14_OR4_1)                   0.03      2.81 r
  ctmi_42119/X (SAEDHVT14_OR4_1)                   0.09      2.90 r
  u_exec/sub_3243_C3321/ctmi_49771/X (SAEDHVT14_INV_S_0P5)
                                                   0.06      2.96 f
  u_exec/sub_3243_C3321/ctmi_49772/X (SAEDHVT14_OA22_U_0P5)
                                                   0.05      3.01 f
  u_exec/sub_3243_C3321/ctmi_49770/X (SAEDHVT14_AOI21_0P5)
                                                   0.02      3.03 r
  u_exec/sub_3243_C3321/ctmi_49769/X (SAEDHVT14_OA21B_1)
                                                   0.02      3.06 f
  u_exec/sub_3243_C3321/ctmi_49767/X (SAEDHVT14_AOI21_0P5)
                                                   0.02      3.08 r
  u_exec/sub_3243_C3321/ctmi_49766/X (SAEDHVT14_OA21B_1)
                                                   0.02      3.10 f
  u_exec/sub_3243_C3321/ctmi_49764/X (SAEDHVT14_AOI21_0P5)
                                                   0.02      3.12 r
  u_exec/sub_3243_C3321/ctmi_49763/X (SAEDHVT14_OA21B_1)
                                                   0.02      3.15 f
  u_exec/sub_3243_C3321/ctmi_49761/X (SAEDHVT14_AOI21_0P5)
                                                   0.02      3.17 r
  u_exec/sub_3243_C3321/ctmi_49760/X (SAEDHVT14_OA21B_1)
                                                   0.02      3.19 f
  u_exec/sub_3243_C3321/ctmi_49758/X (SAEDHVT14_AOI21_0P5)
                                                   0.02      3.22 r
  u_exec/sub_3243_C3321/ctmi_49757/X (SAEDHVT14_OA21B_1)
                                                   0.02      3.24 f
  u_exec/sub_3243_C3321/ctmi_49755/X (SAEDHVT14_AOI21_0P5)
                                                   0.02      3.26 r
  u_exec/sub_3243_C3321/ctmi_49754/X (SAEDHVT14_OA21B_U_0P5)
                                                   0.05      3.31 f
  u_exec/sub_3243_C3321/ctmi_49752/X (SAEDHVT14_AOI21_0P5)
                                                   0.03      3.34 r
  u_exec/sub_3243_C3321/ctmi_49751/X (SAEDHVT14_OA21B_1)
                                                   0.04      3.37 f
  u_exec/sub_3243_C3321/ctmi_49749/X (SAEDHVT14_AOI21_0P5)
                                                   0.03      3.40 r
  u_exec/sub_3243_C3321/ctmi_49748/X (SAEDHVT14_OA21B_1)
                                                   0.03      3.42 f
  u_exec/sub_3243_C3321/ctmi_49746/X (SAEDHVT14_AOI21_0P5)
                                                   0.03      3.45 r
  u_exec/sub_3243_C3321/ctmi_49745/X (SAEDHVT14_OA21B_1)
                                                   0.03      3.48 f
  u_exec/sub_3243_C3321/ctmi_49743/X (SAEDHVT14_AOI21_0P5)
                                                   0.02      3.50 r
  u_exec/sub_3243_C3321/ctmi_49742/X (SAEDHVT14_OA21B_1)
                                                   0.03      3.53 f
  u_exec/sub_3243_C3321/ctmi_49740/X (SAEDHVT14_AOI21_0P5)
                                                   0.02      3.55 r
  u_exec/sub_3243_C3321/ctmi_49739/X (SAEDHVT14_OA21B_1)
                                                   0.03      3.58 f
  u_exec/sub_3243_C3321/ctmi_49737/X (SAEDHVT14_AOI21_0P5)
                                                   0.02      3.60 r
  u_exec/sub_3243_C3321/ctmi_49736/X (SAEDHVT14_OA21B_1)
                                                   0.03      3.63 f
  u_exec/sub_3243_C3321/ctmi_49734/X (SAEDHVT14_AOI21_0P5)
                                                   0.02      3.65 r
  u_exec/sub_3243_C3321/ctmi_49733/X (SAEDHVT14_OA21B_1)
                                                   0.02      3.68 f
  u_exec/sub_3243_C3321/ctmi_49731/X (SAEDHVT14_AOI21_0P5)
                                                   0.02      3.70 r
  u_exec/sub_3243_C3321/ctmi_49730/X (SAEDHVT14_OA21B_1)
                                                   0.03      3.72 f
  u_exec/sub_3243_C3321/ctmi_49728/X (SAEDHVT14_AOI21_0P5)
                                                   0.03      3.75 r
  u_exec/sub_3243_C3321/ctmi_49727/X (SAEDHVT14_OA21B_U_0P5)
                                                   0.05      3.80 f
  u_exec/sub_3243_C3321/ctmi_49725/X (SAEDHVT14_AOI21_0P5)
                                                   0.02      3.82 r
  u_exec/sub_3243_C3321/ctmi_49724/X (SAEDHVT14_OA21B_1)
                                                   0.03      3.85 f
  u_exec/sub_3243_C3321/ctmi_49722/X (SAEDHVT14_AOI21_0P5)
                                                   0.02      3.87 r
  u_exec/sub_3243_C3321/ctmi_49721/X (SAEDHVT14_OA21B_U_0P5)
                                                   0.05      3.92 f
  u_exec/sub_3243_C3321/ctmi_49719/X (SAEDHVT14_AOI21_0P5)
                                                   0.02      3.94 r
  u_exec/sub_3243_C3321/ctmi_49718/X (SAEDHVT14_OA21B_U_0P5)
                                                   0.05      3.99 f
  u_exec/sub_3243_C3321/ctmi_49716/X (SAEDHVT14_AOI21_0P5)
                                                   0.02      4.01 r
  u_exec/sub_3243_C3321/ctmi_49715/X (SAEDHVT14_OA21B_U_0P5)
                                                   0.05      4.06 f
  u_exec/sub_3243_C3321/ctmi_49713/X (SAEDHVT14_AOI21_0P5)
                                                   0.02      4.08 r
  u_exec/sub_3243_C3321/ctmi_49712/X (SAEDHVT14_OA21B_1)
                                                   0.03      4.11 f
  u_exec/sub_3243_C3321/ctmi_49710/X (SAEDHVT14_AOI21_0P5)
                                                   0.03      4.13 r
  u_exec/sub_3243_C3321/ctmi_49709/X (SAEDHVT14_OA21B_U_0P5)
                                                   0.05      4.18 f
  u_exec/sub_3243_C3321/ctmi_49707/X (SAEDHVT14_AOI21_0P5)
                                                   0.05      4.24 r
  u_exec/sub_3243_C3321/ctmi_49706/X (SAEDHVT14_OA21B_U_0P5)
                                                   0.07      4.30 f
  u_exec/sub_3243_C3321/ctmi_49704/X (SAEDHVT14_AOI21_0P5)
                                                   0.02      4.33 r
  u_exec/sub_3243_C3321/ctmi_49703/X (SAEDHVT14_OA21B_U_0P5)
                                                   0.05      4.37 f
  u_exec/sub_3243_C3321/ctmi_49701/X (SAEDHVT14_AOI21_0P5)
                                                   0.03      4.40 r
  u_exec/sub_3243_C3321/ctmi_49700/X (SAEDHVT14_OA21B_U_0P5)
                                                   0.05      4.45 f
  u_exec/sub_3243_C3321/ctmi_49698/X (SAEDHVT14_AOI21_0P5)
                                                   0.02      4.47 r
  u_exec/sub_3243_C3321/ctmi_49697/X (SAEDHVT14_OA21B_U_0P5)
                                                   0.05      4.52 f
  u_exec/sub_3243_C3321/ctmi_49695/X (SAEDHVT14_AOI21_0P5)
                                                   0.02      4.54 r
  u_exec/sub_3243_C3321/ctmi_49694/X (SAEDHVT14_OA21B_U_0P5)
                                                   0.05      4.59 f
  u_exec/sub_3243_C3321/ctmi_49692/X (SAEDHVT14_AOI21_0P5)
                                                   0.02      4.61 r
  u_exec/sub_3243_C3321/ctmi_49691/X (SAEDHVT14_OA21B_U_0P5)
                                                   0.05      4.66 f
  u_exec/sub_3243_C3321/ctmi_49689/X (SAEDHVT14_AOI21_0P5)
                                                   0.02      4.68 r
  u_exec/sub_3243_C3321/ctmi_49688/X (SAEDHVT14_OA21B_U_0P5)
                                                   0.05      4.74 f
  u_exec/sub_3243_C3321/ctmi_49686/X (SAEDHVT14_AOI21_0P5)
                                                   0.03      4.76 r
  u_exec/sub_3243_C3321/ctmi_49684/X (SAEDHVT14_OAI22_0P5)
                                                   0.05      4.82 f
  u_exec/sub_3243_C3321/ctmi_49683/X (SAEDHVT14_EN3_U_0P5)
                                                   0.08      4.90 r
  ctmi_45846/X (SAEDHVT14_OAI21_0P75)              0.03      4.93 f
  ctmi_45845/X (SAEDHVT14_OAI21_0P75)              0.02      4.95 r
  ctmi_45843/X (SAEDHVT14_AO221_0P5)               0.04      4.99 r
  ctmi_45842/X (SAEDHVT14_AOI21_0P75)              0.03      5.02 f
  ctmi_45841/X (SAEDHVT14_OAI21_0P75)              0.11      5.13 r
  ctmi_45861/X (SAEDHVT14_ND2_CDC_0P5)             0.07      5.20 f
  ctmi_45860/X (SAEDHVT14_NR2_1)                   0.29      5.49 r
  ctmi_45897/X (SAEDHVT14_AO22_0P75)               0.24      5.73 r
  ctmi_45896/X (SAEDHVT14_AO221_0P5)               0.06      5.79 r
  u_fetch/branch_pc_q_reg[14]/D (SAEDHVT14_FSDPRBQ_V2LP_2)
                                                   0.00      5.79 r
  data arrival time                                          5.79

  clock clk_i (rise edge)                         10.00     10.00
  clock network delay (propagated)                 0.08     10.08
  u_fetch/branch_pc_q_reg[14]/CK (SAEDHVT14_FSDPRBQ_V2LP_2)
                                                   0.00     10.08 r
  clock uncertainty                               -0.15      9.93
  library setup time                              -0.05      9.88
  data required time                                         9.88
  ------------------------------------------------------------------------
  data required time                                         9.88
  data arrival time                                         -5.79
  ------------------------------------------------------------------------
  slack (MET)                                                4.09


1
