Information: Timer using 8 threads
Information: RDE mode is turned on. (TIM-124)
Information: Corner Typical: no PVT mismatches. (PVT-032)
Information: Corner Fast: no PVT mismatches. (PVT-032)
Information: Corner Slow: no PVT mismatches. (PVT-032)
****************************************
Report : power
        -significant_digits 2
Design : riscv_core
Version: V-2023.12-SP3
Date   : Sun Jul 12 20:49:17 2026
****************************************
Information: Activity propagation will be performed for scenario FUNC_Slow.
Information: Doing activity propagation for mode 'FUNC' and corner 'Slow' with effort level 'medium'. (POW-024)
Information: Timer-derived activity data is cached on scenario FUNC_Slow (POW-052)
Infomation: Fast mode activity propagation power.rtl_activity_annotation setup is ignored. Always use accurate mode.
Information: Running switching activity propagation with 8 threads!

 **** Information : No. of simulation cycles = 7 ****
Information: Propagated activity on scenario FUNC_Typical identical to that on FUNC_Slow (POW-006)
Information: Propagated activity on scenario FUNC_Fast identical to that on FUNC_Slow (POW-006)
Information: The stitching and editing of coupling caps is turned OFF for design 'riscv_core.dlib:riscv_core/signoff.design'. (TIM-125)
Information: Design riscv_core has 13167 nets, 0 global routed, 13165 detail routed. (NEX-024)
Information: The RC mode used is DR for design 'riscv_core'. (NEX-022)
---extraction options---
Corner: Fast
 late_cap_scale                : 1
 late_res_scale                : 1
 late_rde_cap_scale            : 1
 late_rde_res_scale            : 1
 early_cap_scale               : 1
 early_res_scale               : 1
 early_rde_cap_scale           : 1
 early_rde_res_scale           : 1
Corner: Typical
 late_cap_scale                : 1
 late_res_scale                : 1
 late_rde_cap_scale            : 1
 late_rde_res_scale            : 1
 early_cap_scale               : 1
 early_res_scale               : 1
 early_rde_cap_scale           : 1
 early_rde_res_scale           : 1
Corner: Slow
 late_cap_scale                : 1
 late_res_scale                : 1
 late_rde_cap_scale            : 1
 late_rde_res_scale            : 1
 early_cap_scale               : 1
 early_res_scale               : 1
 early_rde_cap_scale           : 1
 early_rde_res_scale           : 1
Global options:
 reference_direction       : use_from_tluplus
 real_metalfill_extraction : none
 virtual_shield_extraction : true
---app options---
 host.max_cores                   : 8
 extract.connect_open           : true
 extract.enable_coupling_cap    : false
Extracting design: riscv_core 
NEX: virtual shield is applied in extraction.
Information: coupling capacitance is lumped to ground. (NEX-030)
Information: 13165 nets are successfully extracted. (NEX-028)
Warning: Advanced receiver model has not been enabled for detailed routed design. (TIM-204)
Information: Update timing completed net estimation for all the timing graph nets (TIM-111)
Information: Net estimation statistics: timing graph nets = 13165, routed nets = 13165, across physical hierarchy nets = 0, parasitics cached nets = 13165, delay annotated nets = 0, parasitics annotated nets = 0, multi-voltage nets = 0. (TIM-112)
************************************************************
Timer Settings:
Delay Calculation Style:                   auto
Signal Integrity Analysis:                 disabled
Timing Window Analysis:                    disabled
Advanced Waveform Propagation:             disabled
Variation Type:                            fixed_derate
Clock Reconvergence Pessimism Removal:     disabled
Advanced Receiver Model:                   disabled
LLE:                                       disabled
ML Acceleration:                           off
************************************************************
Mode: FUNC
Corner: Fast
Scenario: FUNC_Fast
Voltage: 0.88
Temperature: 125.00

Voltage Unit         : 1V
Capacitance Unit     : 1pF
Time Unit            : 1ns
Temperature Unit     : 1C
Dynamic Power Unit   : 1pW
Leakage Power Unit   : 1pW

Switched supply net power scaling:
scaling for leakage power

Supply nets:
VDD (power) probability 1.00 (default)
VSS (ground) probability 1.00 (default)
Warning: Power table extrapolation (extrapolation mode) for port X on cell ctmi_48052 for parameter Cout. Lowest table value = 0.001000, highest table value = 0.385300, value = 0.000727 (POW-046)
Warning: Power table extrapolation (extrapolation mode) for port X on cell u_mul/ctmi_6770 for parameter Cout. Lowest table value = 0.001000, highest table value = 0.385400, value = 0.000807 (POW-046)
Warning: Power table extrapolation (extrapolation mode) for port X on cell ctmi_44583 for parameter Cout. Lowest table value = 0.001000, highest table value = 0.097200, value = 0.000781 (POW-046)
Warning: Power table extrapolation (extrapolation mode) for port X on cell ctmi_44584 for parameter Cout. Lowest table value = 0.001000, highest table value = 0.384500, value = 0.000827 (POW-046)
Warning: Power table extrapolation (extrapolation mode) for port X on cell ctmi_44585 for parameter Cout. Lowest table value = 0.001000, highest table value = 0.097200, value = 0.000832 (POW-046)
Warning: Power table extrapolation (extrapolation mode) for port X on cell ctmi_44587 for parameter Cout. Lowest table value = 0.001000, highest table value = 0.097200, value = 0.000672 (POW-046)
Warning: Power table extrapolation (extrapolation mode) for port X on cell ctmi_44589 for parameter Cout. Lowest table value = 0.001000, highest table value = 0.097200, value = 0.000561 (POW-046)
Warning: Power table extrapolation (extrapolation mode) for port X on cell ctmi_44592 for parameter Cout. Lowest table value = 0.001000, highest table value = 0.097200, value = 0.000847 (POW-046)
Warning: Power table extrapolation (extrapolation mode) for port X on cell ctmi_44595 for parameter Cout. Lowest table value = 0.001000, highest table value = 0.097200, value = 0.000874 (POW-046)
Warning: Power table extrapolation (extrapolation mode) for port X on cell ctmi_44596 for parameter Cout. Lowest table value = 0.001000, highest table value = 0.097200, value = 0.000838 (POW-046)

  Cell Internal Power    = 5.79e+08 pW ( 76.2%)
  Net Switching Power    = 1.81e+08 pW ( 23.8%)
Total Dynamic Power      = 7.60e+08 pW (100.0%)

Cell Leakage Power       = N/A


  Attributes
  ----------
      u  -  User defined power group
      i  -  Includes clock pin internal power

Power Group         Internal Power        Switching Power          Leakage Power            Total Power    (   %  )    Attrs
-----------------------------------------------------------------------------------------------------------------------------
io_pad                    0.00e+00               0.00e+00                    N/A               0.00e+00    (  0.0%)         
memory                    0.00e+00               0.00e+00                    N/A               0.00e+00    (  0.0%)         
black_box                 0.00e+00               0.00e+00                    N/A               0.00e+00    (  0.0%)         
clock_network             5.63e+08               1.54e+08                    N/A               7.17e+08    ( 94.3%)        i
register                  2.69e+06               2.01e+06                    N/A               4.70e+06    (  0.6%)         
sequential                0.00e+00               0.00e+00                    N/A               0.00e+00    (  0.0%)         
combinational             1.30e+07               2.55e+07                    N/A               3.85e+07    (  5.1%)         
-----------------------------------------------------------------------------------------------------------------------------
Total                     5.79e+08 pW            1.81e+08 pW                 N/A               7.60e+08 pW
Mode: FUNC
Corner: Slow
Scenario: FUNC_Slow
Voltage: 0.72
Temperature: -40.00

Voltage Unit         : 1V
Capacitance Unit     : 1pF
Time Unit            : 1ns
Temperature Unit     : 1C
Dynamic Power Unit   : 1pW
Leakage Power Unit   : 1pW

Switched supply net power scaling:
scaling for leakage power

Supply nets:
VDD (power) probability 1.00 (default)
VSS (ground) probability 1.00 (default)

  Cell Internal Power    = 3.36e+08 pW ( 76.0%)
  Net Switching Power    = 1.06e+08 pW ( 24.0%)
Total Dynamic Power      = 4.42e+08 pW (100.0%)

Cell Leakage Power       = 4.66e+04 pW


  Attributes
  ----------
      u  -  User defined power group
      i  -  Includes clock pin internal power

Power Group         Internal Power        Switching Power          Leakage Power            Total Power    (   %  )    Attrs
-----------------------------------------------------------------------------------------------------------------------------
io_pad                    0.00e+00               0.00e+00               0.00e+00               0.00e+00    (  0.0%)         
memory                    0.00e+00               0.00e+00               0.00e+00               0.00e+00    (  0.0%)         
black_box                 0.00e+00               0.00e+00               1.54e-08               1.54e-08    (  0.0%)         
clock_network             3.30e+08               8.86e+07               1.99e+03               4.18e+08    ( 94.5%)        i
register                  1.49e+06               1.31e+06               2.72e+04               2.83e+06    (  0.6%)         
sequential                0.00e+00               0.00e+00               0.00e+00               0.00e+00    (  0.0%)         
combinational             5.44e+06               1.61e+07               1.74e+04               2.16e+07    (  4.9%)         
-----------------------------------------------------------------------------------------------------------------------------
Total                     3.36e+08 pW            1.06e+08 pW            4.66e+04 pW            4.42e+08 pW
Mode: FUNC
Corner: Typical
Scenario: FUNC_Typical
Voltage: 0.80
Temperature: 25.00

Voltage Unit         : 1V
Capacitance Unit     : 1pF
Time Unit            : 1ns
Temperature Unit     : 1C
Dynamic Power Unit   : 1pW
Leakage Power Unit   : 1pW

Switched supply net power scaling:
scaling for leakage power

Supply nets:
VDD (power) probability 1.00 (default)
VSS (ground) probability 1.00 (default)

  Cell Internal Power    = 4.40e+08 pW ( 75.0%)
  Net Switching Power    = 1.47e+08 pW ( 25.0%)
Total Dynamic Power      = 5.87e+08 pW (100.0%)

Cell Leakage Power       = 1.59e+06 pW


  Attributes
  ----------
      u  -  User defined power group
      i  -  Includes clock pin internal power

Power Group         Internal Power        Switching Power          Leakage Power            Total Power    (   %  )    Attrs
-----------------------------------------------------------------------------------------------------------------------------
io_pad                    0.00e+00               0.00e+00               0.00e+00               0.00e+00    (  0.0%)         
memory                    0.00e+00               0.00e+00               0.00e+00               0.00e+00    (  0.0%)         
black_box                 0.00e+00               0.00e+00               8.35e-08               8.35e-08    (  0.0%)         
clock_network             4.30e+08               1.24e+08               3.24e+05               5.54e+08    ( 94.1%)        i
register                  2.17e+06               1.70e+06               6.43e+05               4.51e+06    (  0.8%)         
sequential                0.00e+00               0.00e+00               0.00e+00               0.00e+00    (  0.0%)         
combinational             8.22e+06               2.14e+07               6.28e+05               3.02e+07    (  5.1%)         
-----------------------------------------------------------------------------------------------------------------------------
Total                     4.40e+08 pW            1.47e+08 pW            1.59e+06 pW            5.89e+08 pW
1
