Warning: Scenario FUNC_Slow is not configured for hold analysis: skipping. (UIC-058)
****************************************
Report : timing
        -path_type full
        -delay_type min
        -max_paths 1
        -report_by design
Design : riscv_core
Version: V-2023.12-SP3
Date   : Sun Jul 12 20:00:31 2026
****************************************

  Startpoint: u_lsu/mem_addr_q_reg[6] (rising edge-triggered flip-flop clocked by clk_i)
  Endpoint: u_lsu/u_lsu_request/ram_q_reg[0][10] (rising edge-triggered flip-flop clocked by clk_i)
  Mode: FUNC
  Corner: Fast
  Scenario: FUNC_Fast
  Path Group: clk_i
  Path Type: min

  Point                                            Incr      Path  
  ------------------------------------------------------------------------
  clock clk_i (rise edge)                          0.00      0.00
  clock network delay (propagated)                 0.01      0.01

  u_lsu/mem_addr_q_reg[6]/CK (SAEDHVT14_FSDPRBQ_V2LP_2)
                                                   0.00      0.01 r
  u_lsu/mem_addr_q_reg[6]/Q (SAEDHVT14_FSDPRBQ_V2LP_2)
                                                   0.04      0.05 f
  ctmi_49114/X (SAEDHVT14_OA22_U_0P5)              0.01      0.07 f
  u_lsu/u_lsu_request/ram_q_reg[0][10]/D (SAEDHVT14_FSDPRBQ_V2LP_2)
                                                   0.00      0.07 f
  data arrival time                                          0.07

  clock clk_i (rise edge)                          0.00      0.00
  clock network delay (propagated)                 0.05      0.05
  u_lsu/u_lsu_request/ram_q_reg[0][10]/CK (SAEDHVT14_FSDPRBQ_V2LP_2)
                                                   0.00      0.05 r
  library hold time                                0.01      0.06
  data required time                                         0.06
  ------------------------------------------------------------------------
  data required time                                         0.06
  data arrival time                                         -0.07
  ------------------------------------------------------------------------
  slack (MET)                                                0.01


1
