****************************************
Report : qor
Design : riscv_core
Version: V-2023.12-SP3
Date   : Sun Jul 12 20:40:28 2026
****************************************


Scenario           'FUNC_Fast'
Timing Path Group  'clk_i'
----------------------------------------
Worst Hold Violation:              0.00
Total Hold Violation:              0.00
No. of Hold Violations:               0
----------------------------------------

Scenario           'FUNC_Slow'
Timing Path Group  '**in2reg_default**'
----------------------------------------
Levels of Logic:                     83
Critical Path Length:              6.14
Critical Path Slack:               3.66
Critical Path Clk Period:         10.00
Total Negative Slack:              0.00
No. of Violating Paths:               0
----------------------------------------

Scenario           'FUNC_Slow'
Timing Path Group  '**reg2out_default**'
----------------------------------------
Levels of Logic:                     28
Critical Path Length:              3.39
Critical Path Slack:               6.26
Critical Path Clk Period:         10.00
Total Negative Slack:              0.00
No. of Violating Paths:               0
----------------------------------------

Scenario           'FUNC_Slow'
Timing Path Group  '**in2out_default**'
----------------------------------------
Levels of Logic:                     27
Critical Path Length:              3.23
Critical Path Slack:               6.42
Critical Path Clk Period:         10.00
Total Negative Slack:              0.00
No. of Violating Paths:               0
----------------------------------------

Scenario           'FUNC_Slow'
Timing Path Group  'clk_i'
----------------------------------------
Levels of Logic:                     84
Critical Path Length:              6.30
Critical Path Slack:               3.50
Critical Path Clk Period:         10.00
Total Negative Slack:              0.00
No. of Violating Paths:               0
----------------------------------------

Scenario           'FUNC_Typical'
Timing Path Group  '**in2reg_default**'
----------------------------------------
Levels of Logic:                     83
Critical Path Length:              2.96
Critical Path Slack:               6.87
Critical Path Clk Period:         10.00
Total Negative Slack:              0.00
No. of Violating Paths:               0
----------------------------------------

Scenario           'FUNC_Typical'
Timing Path Group  '**reg2out_default**'
----------------------------------------
Levels of Logic:                     31
Critical Path Length:              1.66
Critical Path Slack:               7.99
Critical Path Clk Period:         10.00
Total Negative Slack:              0.00
No. of Violating Paths:               0
----------------------------------------

Scenario           'FUNC_Typical'
Timing Path Group  '**in2out_default**'
----------------------------------------
Levels of Logic:                     30
Critical Path Length:              1.66
Critical Path Slack:               7.99
Critical Path Clk Period:         10.00
Total Negative Slack:              0.00
No. of Violating Paths:               0
----------------------------------------

Scenario           'FUNC_Typical'
Timing Path Group  'clk_i'
----------------------------------------
Levels of Logic:                     84
Critical Path Length:              2.95
Critical Path Slack:               6.87
Critical Path Clk Period:         10.00
Total Negative Slack:              0.00
No. of Violating Paths:               0
Worst Hold Violation:              0.00
Total Hold Violation:              0.00
No. of Hold Violations:               0
----------------------------------------


Cell Count
----------------------------------------
Hierarchical Cell Count:             15
Hierarchical Port Count:           1597
Leaf Cell Count:                  12334
Buf/Inv Cell Count:                1318
Buf Cell Count:                     156
Inv Cell Count:                    1162
Combinational Cell Count:         10015
   Single-bit Isolation Cell Count:                        0
   Multi-bit Isolation Cell Count:                         0
   Isolation Cell Banking Ratio:                           0.00%
   Single-bit Level Shifter Cell Count:                    0
   Multi-bit Level Shifter Cell Count:                     0
   Level Shifter Cell Banking Ratio:                       0.00%
   Single-bit ELS Cell Count:                              0
   Multi-bit ELS Cell Count:                               0
   ELS Cell Banking Ratio:                                 0.00%
Sequential Cell Count:             2319
   Integrated Clock-Gating Cell Count:                     0
   Sequential Macro Cell Count:                            0
   Single-bit Sequential Cell Count:                       2319
   Multi-bit Sequential Cell Count:                        0
   Sequential Cell Banking Ratio:                          0.00%
   BitsPerflop:                                            1.00
Macro Count:                          0
----------------------------------------


Area
----------------------------------------
Combinational Area:             3865.86
Noncombinational Area:          2879.65
Buf/Inv Area:                    266.13
Total Buffer Area:                59.58
Total Inverter Area:             206.55
Macro/Black Box Area:              0.00
Net Area:                             0
Net XLength:                   66514.34
Net YLength:                   64154.07
----------------------------------------
Cell Area (netlist):                           6745.51
Cell Area (netlist and physical only):         7292.34
Net Length:                   130668.41


Design Rules
----------------------------------------
Total Number of Nets:             13169
Nets with Violations:              4512
Max Trans Violations:                 0
Max Cap Violations:                   0
----------------------------------------

1
