****************************************
Report : qor
Design : riscv_core
Version: V-2023.12-SP3
Date   : Wed Jul  8 12:41:18 2026
****************************************



Cell Count
----------------------------------------
Hierarchical Cell Count:             15
Hierarchical Port Count:           1532
Leaf Cell Count:                  11962
Buf/Inv Cell Count:                1157
Buf Cell Count:                       0
Inv Cell Count:                    1157
Combinational Cell Count:          9643
   Single-bit Isolation Cell Count:                        0
   Multi-bit Isolation Cell Count:                         0
   Isolation Cell Banking Ratio:                           0.00%
   Single-bit Level Shifter Cell Count:                    0
   Multi-bit Level Shifter Cell Count:                     0
   Level Shifter Cell Banking Ratio:                       0.00%
   Single-bit ELS Cell Count:                              0
   Multi-bit ELS Cell Count:                               0
   ELS Cell Banking Ratio:                                 0.00%
Sequential Cell Count:             2319
   Integrated Clock-Gating Cell Count:                     0
   Sequential Macro Cell Count:                            0
   Single-bit Sequential Cell Count:                       2319
   Multi-bit Sequential Cell Count:                        0
   Sequential Cell Banking Ratio:                          0.00%
   BitsPerflop:                                            1.00
Macro Count:                          0
----------------------------------------


Area
----------------------------------------
Combinational Area:             3628.55
Noncombinational Area:          2820.87
Buf/Inv Area:                    205.48
Total Buffer Area:                 0.00
Total Inverter Area:             205.48
Macro/Black Box Area:              0.00
Net Area:                             0
Net XLength:                   17202.63
Net YLength:                    6296.78
----------------------------------------
Cell Area (netlist):                           6449.41
Cell Area (netlist and physical only):         6996.24
Net Length:                    23499.40


Design Rules
----------------------------------------
Total Number of Nets:             12822
Nets with Violations:              8182
Max Trans Violations:              1054
Max Cap Violations:                   2
----------------------------------------

1
