****************************************
Report : qor
Design : riscv_core
Version: V-2023.12-SP3
Date   : Sun Jul 12 20:31:02 2026
****************************************


Scenario           'FUNC_Fast'
Timing Path Group  'clk_i'
----------------------------------------
Worst Hold Violation:              0.00
Total Hold Violation:              0.00
No. of Hold Violations:               0
----------------------------------------

Scenario           'FUNC_Slow'
Timing Path Group  '**in2reg_default**'
----------------------------------------
Levels of Logic:                     83
Critical Path Length:              5.87
Critical Path Slack:               3.93
Critical Path Clk Period:         10.00
Total Negative Slack:              0.00
No. of Violating Paths:               0
----------------------------------------

Scenario           'FUNC_Slow'
Timing Path Group  '**reg2out_default**'
----------------------------------------
Levels of Logic:                     28
Critical Path Length:              3.80
Critical Path Slack:               5.85
Critical Path Clk Period:         10.00
Total Negative Slack:              0.00
No. of Violating Paths:               0
----------------------------------------

Scenario           'FUNC_Slow'
Timing Path Group  '**in2out_default**'
----------------------------------------
Levels of Logic:                     27
Critical Path Length:              3.52
Critical Path Slack:               6.13
Critical Path Clk Period:         10.00
Total Negative Slack:              0.00
No. of Violating Paths:               0
----------------------------------------

Scenario           'FUNC_Slow'
Timing Path Group  'clk_i'
----------------------------------------
Levels of Logic:                     84
Critical Path Length:              6.14
Critical Path Slack:               3.65
Critical Path Clk Period:         10.00
Total Negative Slack:              0.00
No. of Violating Paths:               0
----------------------------------------

Scenario           'FUNC_Typical'
Timing Path Group  '**in2reg_default**'
----------------------------------------
Levels of Logic:                     83
Critical Path Length:              2.82
Critical Path Slack:               7.00
Critical Path Clk Period:         10.00
Total Negative Slack:              0.00
No. of Violating Paths:               0
----------------------------------------

Scenario           'FUNC_Typical'
Timing Path Group  '**reg2out_default**'
----------------------------------------
Levels of Logic:                     31
Critical Path Length:              1.89
Critical Path Slack:               7.76
Critical Path Clk Period:         10.00
Total Negative Slack:              0.00
No. of Violating Paths:               0
----------------------------------------

Scenario           'FUNC_Typical'
Timing Path Group  '**in2out_default**'
----------------------------------------
Levels of Logic:                     30
Critical Path Length:              1.81
Critical Path Slack:               7.84
Critical Path Clk Period:         10.00
Total Negative Slack:              0.00
No. of Violating Paths:               0
----------------------------------------

Scenario           'FUNC_Typical'
Timing Path Group  'clk_i'
----------------------------------------
Levels of Logic:                     84
Critical Path Length:              2.90
Critical Path Slack:               6.92
Critical Path Clk Period:         10.00
Total Negative Slack:              0.00
No. of Violating Paths:               0
Worst Hold Violation:              0.00
Total Hold Violation:              0.00
No. of Hold Violations:               0
----------------------------------------


Cell Count
----------------------------------------
Hierarchical Cell Count:             15
Hierarchical Port Count:           1570
Leaf Cell Count:                  12271
Buf/Inv Cell Count:                1257
Buf Cell Count:                      89
Inv Cell Count:                    1168
Combinational Cell Count:          9952
   Single-bit Isolation Cell Count:                        0
   Multi-bit Isolation Cell Count:                         0
   Isolation Cell Banking Ratio:                           0.00%
   Single-bit Level Shifter Cell Count:                    0
   Multi-bit Level Shifter Cell Count:                     0
   Level Shifter Cell Banking Ratio:                       0.00%
   Single-bit ELS Cell Count:                              0
   Multi-bit ELS Cell Count:                               0
   ELS Cell Banking Ratio:                                 0.00%
Sequential Cell Count:             2319
   Integrated Clock-Gating Cell Count:                     0
   Sequential Macro Cell Count:                            0
   Single-bit Sequential Cell Count:                       2319
   Multi-bit Sequential Cell Count:                        0
   Sequential Cell Banking Ratio:                          0.00%
   BitsPerflop:                                            1.00
Macro Count:                          0
----------------------------------------


Area
----------------------------------------
Combinational Area:             3807.97
Noncombinational Area:          2879.70
Buf/Inv Area:                    231.15
Total Buffer Area:                23.71
Total Inverter Area:             207.44
Macro/Black Box Area:              0.00
Net Area:                             0
Net XLength:                   64202.66
Net YLength:                   61695.80
----------------------------------------
Cell Area (netlist):                           6687.66
Cell Area (netlist and physical only):         7234.49
Net Length:                   125898.46


Design Rules
----------------------------------------
Total Number of Nets:             13106
Nets with Violations:              4466
Max Trans Violations:                 0
Max Cap Violations:                   0
----------------------------------------

1
