****************************************
Report : area
Design : riscv_core
Version: V-2023.12-SP3
Date   : Sun Jul 12 20:31:02 2026
****************************************

Number of ports:                         1841
Number of nets:                         14429
Number of cells:                        12271
Number of combinational cells:           9952
Number of sequential cells:              2319
Number of macros/black boxes:               0
Number of buf/inv:                       1257
Number of references:                      98

Combinational area:                   3807.97
Buf/Inv area:                          231.15
Noncombinational area:                2879.70
Macro/Black Box area:                    0.00

Total cell area:                      6687.66
1
