----------------------------------------------------------------------
Density Report Summary:
----------------------------------------------------------------------
Window = {{0 0 113.674 113.2}}
--------------------
Layer     Density(%)     
--------------------
M2        40.517         
M3        37.5768        
M4        46.3373        
M5        50.6594        
M6        45.3066        
M7        6.29665        
M8        0.795415       
M9        0.0733919      
MRDL      0              
----------------------------------------------------------------------
Detailed Density Report:
----------------------------------------------------------------------

Layer : M2
----------------------------------------
Window[(x1,y1) (x2,y2)]       Density(%)     
----------------------------------------
(75,75) (113.674,113.2)       38.4663        
(50,75) (100,113.2)           39.8125        
(0,75) (50,113.2)             39.8867        
(75,0) (113.674,50)           40.0994        
(25,75) (75,113.2)            40.3097        
(75,25) (113.674,75)          40.551         
(0,0) (50,50)                 40.7589        
(75,50) (113.674,100)         41.0544        
(0,25) (50,75)                41.1362        
(50,0) (100,50)               41.9756        
(0,50) (50,100)               41.9776        
(25,0) (75,50)                42.0823        
(50,25) (100,75)              42.1247        
(50,50) (100,100)             42.2128        
(25,25) (75,75)               42.3232        
(25,50) (75,100)              42.4789        

Layer : M2
----------------------------------------
Window[(x1,y1) (x2,y2)]       Density(%)     
----------------------------------------
(50,50) (113.674,113.2)       39.9718        
(0,50) (100,113.2)            40.5302        
(50,0) (113.674,100)          41.3289        
(0,0) (100,100)               41.7312        

Layer : M3
----------------------------------------
Window[(x1,y1) (x2,y2)]       Density(%)     
----------------------------------------
(25,75) (75,113.2)            36.6924        
(75,75) (113.674,113.2)       36.9285        
(0,0) (50,50)                 36.9761        
(0,25) (50,75)                37.004         
(50,75) (100,113.2)           37.0207        
(0,75) (50,113.2)             37.1618        
(75,0) (113.674,50)           37.414         
(25,0) (75,50)                37.5525        
(50,0) (100,50)               37.6025        
(0,50) (50,100)               38.572         
(25,25) (75,75)               38.6392        
(25,50) (75,100)              39.0548        
(75,25) (113.674,75)          39.1054        
(50,25) (100,75)              39.8687        
(75,50) (113.674,100)         39.9009        
(50,50) (100,100)             40.2578        

Layer : M3
----------------------------------------
Window[(x1,y1) (x2,y2)]       Density(%)     
----------------------------------------
(0,50) (100,113.2)            37.8569        
(50,50) (113.674,113.2)       38.3292        
(0,0) (100,100)               38.3521        
(50,0) (113.674,100)          38.7622        

Layer : M4
----------------------------------------
Window[(x1,y1) (x2,y2)]       Density(%)     
----------------------------------------
(75,75) (113.674,113.2)       43.1359        
(75,50) (113.674,100)         43.2011        
(75,0) (113.674,50)           43.467         
(75,25) (113.674,75)          43.469         
(0,50) (50,100)               44.9168        
(0,25) (50,75)                45.5468        
(0,75) (50,113.2)             45.765         
(25,50) (75,100)              47.2987        
(0,0) (50,50)                 47.5319        
(25,75) (75,113.2)            47.7519        
(50,75) (100,113.2)           48.2907        
(50,50) (100,100)             48.3727        
(25,25) (75,75)               49.4306        
(50,25) (100,75)              49.974         
(50,0) (100,50)               51.0145        
(25,0) (75,50)                51.6152        

Layer : M4
----------------------------------------
Window[(x1,y1) (x2,y2)]       Density(%)     
----------------------------------------
(50,50) (113.674,113.2)       45.4943        
(50,0) (113.674,100)          46.1048        
(0,50) (100,113.2)            47.1802        
(0,0) (100,100)               47.959         

Layer : M5
----------------------------------------
Window[(x1,y1) (x2,y2)]       Density(%)     
----------------------------------------
(75,0) (113.674,50)           47.6611        
(75,75) (113.674,113.2)       49.4714        
(25,75) (75,113.2)            49.7283        
(25,0) (75,50)                49.9938        
(50,0) (100,50)               50.0875        
(0,75) (50,113.2)             50.2027        
(0,0) (50,50)                 50.464         
(50,75) (100,113.2)           50.8813        
(25,50) (75,100)              52.0035        
(0,50) (50,100)               52.0705        
(75,25) (113.674,75)          52.1126        
(25,25) (75,75)               52.3951        
(0,25) (50,75)                52.4141        
(75,50) (113.674,100)         53.6627        
(50,25) (100,75)              53.8545        
(50,50) (100,100)             54.5713        

Layer : M5
----------------------------------------
Window[(x1,y1) (x2,y2)]       Density(%)     
----------------------------------------
(50,0) (113.674,100)          51.0949        
(50,50) (113.674,113.2)       51.6916        
(0,0) (100,100)               51.7983        
(0,50) (100,113.2)            52.0919        

Layer : M6
----------------------------------------
Window[(x1,y1) (x2,y2)]       Density(%)     
----------------------------------------
(0,75) (50,113.2)             43.3388        
(75,75) (113.674,113.2)       43.4151        
(0,50) (50,100)               43.4696        
(25,75) (75,113.2)            43.9855        
(50,75) (100,113.2)           44.0529        
(25,50) (75,100)              44.0632        
(0,25) (50,75)                44.1284        
(75,50) (113.674,100)         44.2968        
(50,50) (100,100)             44.4659        
(75,25) (113.674,75)          45.0901        
(25,25) (75,75)               45.4727        
(50,25) (100,75)              45.8867        
(0,0) (50,50)                 46.6372        
(75,0) (113.674,50)           47.0059        
(25,0) (75,50)                48.0254        
(50,0) (100,50)               48.1794        

Layer : M6
----------------------------------------
Window[(x1,y1) (x2,y2)]       Density(%)     
----------------------------------------
(0,50) (100,113.2)            43.8488        
(50,50) (113.674,113.2)       44.1051        
(0,0) (100,100)               45.688         
(50,0) (113.674,100)          46.03          

Layer : M7
----------------------------------------
Window[(x1,y1) (x2,y2)]       Density(%)     
----------------------------------------
*(25,75) (75,113.2)           3.47756        
*(50,75) (100,113.2)          4.46408        
*(0,75) (50,113.2)            4.73554        
*(25,50) (75,100)             5.60799        
*(50,0) (100,50)              5.86112        
*(25,0) (75,50)               5.89572        
*(0,0) (50,50)                5.95316        
*(0,50) (50,100)              6.3483         
*(75,75) (113.674,113.2)      6.42232        
*(75,0) (113.674,50)          6.4679         
*(50,50) (100,100)            7.19454        
*(0,25) (50,75)               7.3448         
*(25,25) (75,75)              7.53845        
*(50,25) (100,75)             8.21384        
*(75,25) (113.674,75)         9.01287        
*(75,50) (113.674,100)        9.05741        

Layer : M7
----------------------------------------
Window[(x1,y1) (x2,y2)]       Density(%)     
----------------------------------------
(0,50) (100,113.2)            6.0149         
(0,0) (100,100)               6.33928        
(50,50) (113.674,113.2)       6.80931        
(50,0) (113.674,100)          7.04839        

Layer : M8
----------------------------------------
Window[(x1,y1) (x2,y2)]       Density(%)     
----------------------------------------
*(0,75) (50,113.2)            0.122387       
*(25,75) (75,113.2)           0.286272       
*(0,50) (50,100)              0.291992       
*(75,75) (113.674,113.2)      0.296932       
*(75,50) (113.674,100)        0.448701       
*(50,75) (100,113.2)          0.457012       
*(25,50) (75,100)             0.726112       
*(75,0) (113.674,50)          0.730652       
*(75,25) (113.674,75)         0.795415       
*(50,50) (100,100)            0.82767        
*(0,0) (50,50)                0.882872       
*(0,25) (50,75)               0.907853       
*(50,25) (100,75)             2.03233        
*(50,0) (100,50)              2.08233        
*(25,25) (75,75)              2.3247         
*(25,0) (75,50)               2.39782        

Layer : M8
----------------------------------------
Window[(x1,y1) (x2,y2)]       Density(%)     
----------------------------------------
*(0,50) (100,113.2)           0.442904       
*(50,50) (113.674,113.2)      0.519938       
(0,0) (100,100)               1.02122        
(50,0) (113.674,100)          1.14618        

Layer : M9
----------------------------------------
Window[(x1,y1) (x2,y2)]       Density(%)     
----------------------------------------
*(0,75) (50,113.2)            0              
*(25,75) (75,113.2)           0              
*(0,50) (50,100)              0.012384       
*(25,50) (75,100)             0.038616       
*(50,75) (100,113.2)          0.0410262      
*(75,75) (113.674,113.2)      0.053041       
*(75,0) (113.674,50)          0.0565651      
*(75,50) (113.674,100)        0.0769199      
*(50,0) (100,50)              0.084384       
*(50,50) (100,100)            0.085728       
*(75,25) (113.674,75)         0.0929617      
*(0,25) (50,75)               0.132384       
*(50,25) (100,75)             0.138768       
*(0,0) (50,50)                0.195264       
*(25,25) (75,75)              0.199248       
*(25,0) (75,50)               0.235896       

Layer : M9
----------------------------------------
Window[(x1,y1) (x2,y2)]       Density(%)     
----------------------------------------
*(0,50) (100,113.2)           0.0388101      
*(50,50) (113.674,113.2)      0.0532578      
*(50,0) (113.674,100)         0.0667902      
*(0,0) (100,100)              0.09444        

