----------------------------------------------------------------------
Density Report Summary:
----------------------------------------------------------------------
Window = {{0 0 113.674 113.2}}
--------------------
Layer     Density(%)     
--------------------
M2        14.67          
M3        11.7337        
M4        13.9307        
M5        15.2628        
M6        9.52511        
M7        6.29665        
M8        0.795415       
M9        0.0733919      
MRDL      0              
----------------------------------------------------------------------
Detailed Density Report:
----------------------------------------------------------------------

Layer : M2
----------------------------------------
Window[(x1,y1) (x2,y2)]       Density(%)     
----------------------------------------
*(75,0) (113.674,50)          12.2324        
*(75,75) (113.674,113.2)      12.75          
*(0,75) (50,113.2)            13.9943        
*(0,0) (50,50)                14.3449        
(75,25) (113.674,75)          15.2607        
(50,75) (100,113.2)           15.3021        
(25,75) (75,113.2)            15.6331        
(0,25) (50,75)                15.7758        
(75,50) (113.674,100)         15.9129        
(0,50) (50,100)               16.2884        
(50,0) (100,50)               16.7427        
(25,0) (75,50)                17.3683        
(25,50) (75,100)              18.711         
(50,25) (100,75)              18.7227        
(50,50) (100,100)             18.7479        
(25,25) (75,75)               18.7938        

Layer : M2
----------------------------------------
Window[(x1,y1) (x2,y2)]       Density(%)     
----------------------------------------
(50,50) (113.674,113.2)       15.0684        
(0,50) (100,113.2)            15.6577        
(50,0) (113.674,100)          15.7301        
(0,0) (100,100)               16.531         

Layer : M3
----------------------------------------
Window[(x1,y1) (x2,y2)]       Density(%)     
----------------------------------------
*(75,0) (113.674,50)          10.1157        
*(75,75) (113.674,113.2)      10.7047        
*(0,0) (50,50)                10.7798        
*(0,75) (50,113.2)            11.0457        
*(0,25) (50,75)               11.8815        
*(25,75) (75,113.2)           12.0766        
*(50,75) (100,113.2)          12.6585        
*(0,50) (50,100)              12.833         
*(25,0) (75,50)               12.9881        
*(50,0) (100,50)              13.1661        
*(75,25) (113.674,75)         13.2378        
*(75,50) (113.674,100)        14.1128        
(25,50) (75,100)              15.4926        
(25,25) (75,75)               15.5084        
(50,25) (100,75)              16.6603        
(50,50) (100,100)             16.876         

Layer : M3
----------------------------------------
Window[(x1,y1) (x2,y2)]       Density(%)     
----------------------------------------
(0,50) (100,113.2)            12.9224        
(50,50) (113.674,113.2)       13.0755        
(50,0) (113.674,100)          13.212         
(0,0) (100,100)               13.4137        

Layer : M4
----------------------------------------
Window[(x1,y1) (x2,y2)]       Density(%)     
----------------------------------------
*(0,75) (50,113.2)            11.4778        
*(75,0) (113.674,50)          11.5159        
*(0,50) (50,100)              12.1309        
*(75,75) (113.674,113.2)      12.3005        
*(0,25) (50,75)               13.2254        
*(0,0) (50,50)                13.897         
*(75,25) (113.674,75)         14.2771        
*(25,75) (75,113.2)           14.31          
*(75,50) (113.674,100)        14.3468        
(50,75) (100,113.2)           15.1341        
(25,50) (75,100)              16.3689        
(50,50) (100,100)             17.6693        
(50,0) (100,50)               18.2838        
(25,25) (75,75)               18.8016        
(50,25) (100,75)              19.2462        
(25,0) (75,50)                19.4568        

Layer : M4
----------------------------------------
Window[(x1,y1) (x2,y2)]       Density(%)     
----------------------------------------
(0,50) (100,113.2)            14.3331        
(50,50) (113.674,113.2)       14.5669        
(50,0) (113.674,100)          15.1943        
(0,0) (100,100)               15.4952        

Layer : M5
----------------------------------------
Window[(x1,y1) (x2,y2)]       Density(%)     
----------------------------------------
*(0,75) (50,113.2)            12.881         
*(0,0) (50,50)                13.4233        
*(25,75) (75,113.2)           13.5209        
*(75,0) (113.674,50)          13.6893        
(50,75) (100,113.2)           15.2421        
(25,0) (75,50)                15.3949        
(75,75) (113.674,113.2)       15.434         
(50,0) (100,50)               15.7165        
(0,50) (50,100)               15.8062        
(0,25) (50,75)                16.0925        
(25,50) (75,100)              17.9634        
(25,25) (75,75)               18.8745        
(75,25) (113.674,75)          19.1227        
(50,25) (100,75)              20.4307        
(75,50) (113.674,100)         21.1419        
(50,50) (100,100)             21.2459        

Layer : M5
----------------------------------------
Window[(x1,y1) (x2,y2)]       Density(%)     
----------------------------------------
(0,50) (100,113.2)            16.2008        
(0,0) (100,100)               16.548         
(50,0) (113.674,100)          17.5797        
(50,50) (113.674,113.2)       17.6195        

Layer : M6
----------------------------------------
Window[(x1,y1) (x2,y2)]       Density(%)     
----------------------------------------
*(0,75) (50,113.2)            7.09893        
*(75,75) (113.674,113.2)      7.77245        
*(75,50) (113.674,100)        7.99808        
*(25,75) (75,113.2)           8.13399        
*(0,50) (50,100)              8.1918         
*(75,0) (113.674,50)          9.11442        
*(75,25) (113.674,75)         9.2635         
*(0,0) (50,50)                9.29855        
*(50,75) (100,113.2)          9.35433        
*(25,50) (75,100)             9.70141        
*(0,25) (50,75)               9.90775        
*(50,50) (100,100)            10.3233        
*(50,25) (100,75)             13.2838        
*(50,0) (100,50)              13.7684        
*(25,25) (75,75)              13.8512        
*(25,0) (75,50)               14.3451        

Layer : M6
----------------------------------------
Window[(x1,y1) (x2,y2)]       Density(%)     
----------------------------------------
(50,50) (113.674,113.2)       8.84683        
(0,50) (100,113.2)            9.25607        
(50,0) (113.674,100)          10.2604        
(0,0) (100,100)               10.3955        

Layer : M7
----------------------------------------
Window[(x1,y1) (x2,y2)]       Density(%)     
----------------------------------------
*(25,75) (75,113.2)           3.47756        
*(50,75) (100,113.2)          4.46408        
*(0,75) (50,113.2)            4.73554        
*(25,50) (75,100)             5.60799        
*(50,0) (100,50)              5.86112        
*(25,0) (75,50)               5.89572        
*(0,0) (50,50)                5.95316        
*(0,50) (50,100)              6.3483         
*(75,75) (113.674,113.2)      6.42232        
*(75,0) (113.674,50)          6.4679         
*(50,50) (100,100)            7.19454        
*(0,25) (50,75)               7.3448         
*(25,25) (75,75)              7.53845        
*(50,25) (100,75)             8.21384        
*(75,25) (113.674,75)         9.01287        
*(75,50) (113.674,100)        9.05741        

Layer : M7
----------------------------------------
Window[(x1,y1) (x2,y2)]       Density(%)     
----------------------------------------
(0,50) (100,113.2)            6.0149         
(0,0) (100,100)               6.33928        
(50,50) (113.674,113.2)       6.80931        
(50,0) (113.674,100)          7.04839        

Layer : M8
----------------------------------------
Window[(x1,y1) (x2,y2)]       Density(%)     
----------------------------------------
*(0,75) (50,113.2)            0.122387       
*(25,75) (75,113.2)           0.286272       
*(0,50) (50,100)              0.291992       
*(75,75) (113.674,113.2)      0.296932       
*(75,50) (113.674,100)        0.448701       
*(50,75) (100,113.2)          0.457012       
*(25,50) (75,100)             0.726112       
*(75,0) (113.674,50)          0.730652       
*(75,25) (113.674,75)         0.795415       
*(50,50) (100,100)            0.82767        
*(0,0) (50,50)                0.882872       
*(0,25) (50,75)               0.907853       
*(50,25) (100,75)             2.03233        
*(50,0) (100,50)              2.08233        
*(25,25) (75,75)              2.3247         
*(25,0) (75,50)               2.39782        

Layer : M8
----------------------------------------
Window[(x1,y1) (x2,y2)]       Density(%)     
----------------------------------------
*(0,50) (100,113.2)           0.442904       
*(50,50) (113.674,113.2)      0.519938       
(0,0) (100,100)               1.02122        
(50,0) (113.674,100)          1.14618        

Layer : M9
----------------------------------------
Window[(x1,y1) (x2,y2)]       Density(%)     
----------------------------------------
*(0,75) (50,113.2)            0              
*(25,75) (75,113.2)           0              
*(0,50) (50,100)              0.012384       
*(25,50) (75,100)             0.038616       
*(50,75) (100,113.2)          0.0410262      
*(75,75) (113.674,113.2)      0.053041       
*(75,0) (113.674,50)          0.0565651      
*(75,50) (113.674,100)        0.0769199      
*(50,0) (100,50)              0.084384       
*(50,50) (100,100)            0.085728       
*(75,25) (113.674,75)         0.0929617      
*(0,25) (50,75)               0.132384       
*(50,25) (100,75)             0.138768       
*(0,0) (50,50)                0.195264       
*(25,25) (75,75)              0.199248       
*(25,0) (75,50)               0.235896       

Layer : M9
----------------------------------------
Window[(x1,y1) (x2,y2)]       Density(%)     
----------------------------------------
*(0,50) (100,113.2)           0.0388101      
*(50,50) (113.674,113.2)      0.0532578      
*(50,0) (113.674,100)         0.0667902      
*(0,0) (100,100)              0.09444        

