****************************************
Report : area
Design : riscv_core
Version: V-2023.12-SP3
Date   : Sun Jul 12 20:44:50 2026
****************************************

Number of ports:                         1868
Number of nets:                         14503
Number of cells:                        12334
Number of combinational cells:          10015
Number of sequential cells:              2319
Number of macros/black boxes:               0
Number of buf/inv:                       1318
Number of references:                     122

Combinational area:                   3865.82
Buf/Inv area:                          266.13
Noncombinational area:                2879.65
Macro/Black Box area:                    0.00

Total cell area:                      6745.47
1
