Information: Deserialized np data
INFO: timer data loaded from /tmp/594644.1.normal/riscv_core_3561163_720375512.timdat
Information: Freeing timing information from routing. (ZRT-574)
****************************************
Report : power
        -significant_digits 2
Design : riscv_core
Version: V-2023.12-SP3
Date   : Sun Jul 12 18:21:23 2026
****************************************
Information: Activity for scenario FUNC_Typical was cached, no propagation required. (POW-005)
Information: Activity for scenario FUNC_Slow was cached, no propagation required. (POW-005)
Information: Activity for scenario FUNC_Fast was cached, no propagation required. (POW-005)
Information: The RC mode used is DR for design 'riscv_core'. (NEX-022)
Extracting design: riscv_core 
NEX: virtual shield is applied in extraction.
Information: coupling capacitance is lumped to ground. (NEX-030)
Information: 13163 nets are successfully extracted. (NEX-028)
Information: Update timing completed net estimation for all the timing graph nets (TIM-111)
Mode: FUNC
Corner: Fast
Scenario: FUNC_Fast
Voltage: 0.88
Temperature: 125.00

Voltage Unit         : 1V
Capacitance Unit     : 1pF
Time Unit            : 1ns
Temperature Unit     : 1C
Dynamic Power Unit   : 1pW
Leakage Power Unit   : 1pW

Switched supply net power scaling:
scaling for leakage power

Supply nets:
VDD (power) probability 1.00 (default)
VSS (ground) probability 1.00 (default)
Warning: Power table extrapolation (extrapolation mode) for port X on cell ctmi_47435 for parameter Cout. Lowest table value = 0.001000, highest table value = 0.097200, value = 0.000622 (POW-046)
Warning: Power table extrapolation (extrapolation mode) for port X on cell ctmi_47977 for parameter Cout. Lowest table value = 0.001000, highest table value = 0.097200, value = 0.000979 (POW-046)
Warning: Power table extrapolation (extrapolation mode) for port X on cell ctmi_47436 for parameter Cout. Lowest table value = 0.001000, highest table value = 0.097200, value = 0.000603 (POW-046)
Warning: Power table extrapolation (extrapolation mode) for port X on cell ctmi_47437 for parameter Cout. Lowest table value = 0.001000, highest table value = 0.097200, value = 0.000732 (POW-046)
Warning: Power table extrapolation (extrapolation mode) for port X on cell ctmi_47438 for parameter Cout. Lowest table value = 0.001000, highest table value = 0.097200, value = 0.000619 (POW-046)
Warning: Power table extrapolation (extrapolation mode) for port X on cell ctmi_47440 for parameter Cout. Lowest table value = 0.001000, highest table value = 0.097200, value = 0.000546 (POW-046)
Warning: Power table extrapolation (extrapolation mode) for port X on cell ctmi_47441 for parameter Cout. Lowest table value = 0.001000, highest table value = 0.097200, value = 0.000773 (POW-046)
Warning: Power table extrapolation (extrapolation mode) for port X on cell ctmi_47442 for parameter Cout. Lowest table value = 0.001000, highest table value = 0.097200, value = 0.000701 (POW-046)
Warning: Power table extrapolation (extrapolation mode) for port X on cell ctmi_47443 for parameter Cout. Lowest table value = 0.001000, highest table value = 0.097200, value = 0.000765 (POW-046)
Warning: Power table extrapolation (extrapolation mode) for port X on cell ctmi_48052 for parameter Cout. Lowest table value = 0.001000, highest table value = 0.385300, value = 0.000552 (POW-046)
Note - message 'POW-046' limit (10) exceeded. Remainder will be suppressed.

  Cell Internal Power    = 5.81e+08 pW ( 76.1%)
  Net Switching Power    = 1.82e+08 pW ( 23.9%)
Total Dynamic Power      = 7.63e+08 pW (100.0%)

Cell Leakage Power       = N/A


  Attributes
  ----------
      u  -  User defined power group
      i  -  Includes clock pin internal power

Power Group         Internal Power        Switching Power          Leakage Power            Total Power    (   %  )    Attrs
-----------------------------------------------------------------------------------------------------------------------------
io_pad                    0.00e+00               0.00e+00                    N/A               0.00e+00    (  0.0%)         
memory                    0.00e+00               0.00e+00                    N/A               0.00e+00    (  0.0%)         
black_box                 0.00e+00               0.00e+00                    N/A               0.00e+00    (  0.0%)         
clock_network             5.65e+08               1.55e+08                    N/A               7.20e+08    ( 94.4%)        i
register                  2.69e+06               1.96e+06                    N/A               4.65e+06    (  0.6%)         
sequential                0.00e+00               0.00e+00                    N/A               0.00e+00    (  0.0%)         
combinational             1.29e+07               2.54e+07                    N/A               3.83e+07    (  5.0%)         
-----------------------------------------------------------------------------------------------------------------------------
Total                     5.81e+08 pW            1.82e+08 pW                 N/A               7.63e+08 pW
Mode: FUNC
Corner: Slow
Scenario: FUNC_Slow
Voltage: 0.72
Temperature: -40.00

Voltage Unit         : 1V
Capacitance Unit     : 1pF
Time Unit            : 1ns
Temperature Unit     : 1C
Dynamic Power Unit   : 1pW
Leakage Power Unit   : 1pW

Switched supply net power scaling:
scaling for leakage power

Supply nets:
VDD (power) probability 1.00 (default)
VSS (ground) probability 1.00 (default)

  Cell Internal Power    = 3.36e+08 pW ( 75.9%)
  Net Switching Power    = 1.07e+08 pW ( 24.1%)
Total Dynamic Power      = 4.43e+08 pW (100.0%)

Cell Leakage Power       = 4.66e+04 pW


  Attributes
  ----------
      u  -  User defined power group
      i  -  Includes clock pin internal power

Power Group         Internal Power        Switching Power          Leakage Power            Total Power    (   %  )    Attrs
-----------------------------------------------------------------------------------------------------------------------------
io_pad                    0.00e+00               0.00e+00               0.00e+00               0.00e+00    (  0.0%)         
memory                    0.00e+00               0.00e+00               0.00e+00               0.00e+00    (  0.0%)         
black_box                 0.00e+00               0.00e+00               0.00e+00               0.00e+00    (  0.0%)         
clock_network             3.29e+08               8.97e+07               1.99e+03               4.19e+08    ( 94.5%)        i
register                  1.49e+06               1.27e+06               2.72e+04               2.79e+06    (  0.6%)         
sequential                0.00e+00               0.00e+00               0.00e+00               0.00e+00    (  0.0%)         
combinational             5.44e+06               1.60e+07               1.73e+04               2.15e+07    (  4.8%)         
-----------------------------------------------------------------------------------------------------------------------------
Total                     3.36e+08 pW            1.07e+08 pW            4.66e+04 pW            4.43e+08 pW
Mode: FUNC
Corner: Typical
Scenario: FUNC_Typical
Voltage: 0.80
Temperature: 25.00

Voltage Unit         : 1V
Capacitance Unit     : 1pF
Time Unit            : 1ns
Temperature Unit     : 1C
Dynamic Power Unit   : 1pW
Leakage Power Unit   : 1pW

Switched supply net power scaling:
scaling for leakage power

Supply nets:
VDD (power) probability 1.00 (default)
VSS (ground) probability 1.00 (default)

  Cell Internal Power    = 4.40e+08 pW ( 74.8%)
  Net Switching Power    = 1.48e+08 pW ( 25.2%)
Total Dynamic Power      = 5.88e+08 pW (100.0%)

Cell Leakage Power       = 1.60e+06 pW


  Attributes
  ----------
      u  -  User defined power group
      i  -  Includes clock pin internal power

Power Group         Internal Power        Switching Power          Leakage Power            Total Power    (   %  )    Attrs
-----------------------------------------------------------------------------------------------------------------------------
io_pad                    0.00e+00               0.00e+00               0.00e+00               0.00e+00    (  0.0%)         
memory                    0.00e+00               0.00e+00               0.00e+00               0.00e+00    (  0.0%)         
black_box                 0.00e+00               0.00e+00               0.00e+00               0.00e+00    (  0.0%)         
clock_network             4.29e+08               1.25e+08               3.24e+05               5.55e+08    ( 94.1%)        i
register                  2.17e+06               1.65e+06               6.43e+05               4.46e+06    (  0.8%)         
sequential                0.00e+00               0.00e+00               0.00e+00               0.00e+00    (  0.0%)         
combinational             8.21e+06               2.12e+07               6.30e+05               3.01e+07    (  5.1%)         
-----------------------------------------------------------------------------------------------------------------------------
Total                     4.40e+08 pW            1.48e+08 pW            1.60e+06 pW            5.89e+08 pW
1
