 
                              Fusion Compiler (TM)

                Version V-2023.12-SP3 for linux64 - May 07, 2024
  This release has significant feature enhancements. Please review the Release
                       Notes associated with this release.

                    Copyright (c) 1988 - 2024 Synopsys, Inc.
   This software and the associated documentation are proprietary to Synopsys,
 Inc. This software may only be used in accordance with the terms and conditions
 of a written license agreement with Synopsys, Inc. All other use, reproduction,
   or distribution of this software is strictly prohibited.  Licensed Products
     communicate with Synopsys servers for the purpose of providing software
    updates, detecting software piracy and verifying that customers are using
    Licensed Products in conformity with the applicable License Key for such
  Licensed Products. Synopsys will use information gathered in connection with
    this process to deliver software updates and pursue software pirates and
                                   infringers.

 Inclusivity & Diversity - Visit SolvNetPlus to read the "Synopsys Statement on
            Inclusivity and Diversity" (Refer to article 000036315 at
                        https://solvnetplus.synopsys.com)

Information: Term was not able to be set up using xterm-256color . Using "xterm" by default instead. (CLE-10)
#####################################################################
#####           Step 05 — Floorplan + PG Network              #####
#####################################################################
#
# Adapted from Labs reference lab5 (5.2 manual floorplan + 5.3 read/PG).
# Creates the floorplan from scratch (no pre-made DEF), inserts boundary/tap
# cells, and builds the Power/Ground network.
#
# NOTE: we branch from the MAPPED block 'inital_syn' (not 'rtl_read'):
# initialize_floorplan sizes the die by -core_utilization, which needs real
# standard-cell area. The lab branched from rtl_read only because it read a
# pre-built floorplan.def with an absolute die size.
#
# Produces block: <DESIGN_NAME>/final_floorplan
# Run headless from work/:
#   fc_shell -f ../scripts/05_floorplan.tcl -output_log_file ../logs/05_floorplan.log
#### Sourcing setup scripts
source -echo ../Setup/fc_common_setup.tcl
#####################################################################
#####      Common Setup Script for Fusion Compiler (Project)    #####
#####################################################################
#
# Adapted from Labs reference/labs/setup/fc_common_setup.tcl for the
# Advanced VLSI final project (RISC-V core, SAED14nm, Fusion Compiler).
#
# Runs from the project's work/ directory, one level under the repo root
# (== /project/advvlsi/users/yh3/ws/project_2026 on the VNC), so project
# inputs/outputs are reached with a single "../".
#
# Large SAED14 EDK data is referenced by absolute server path (EDK_ROOT)
# and is NOT committed to git. Only the small RISC-V RTL/SDC live in common/.
set DESIGN_NAME         "riscv_core"                    ; # top module (confirmed: riscv_core_all.v line 42)
set DESIGN_LIBRARY      "${DESIGN_NAME}.dlib"           ; # design library name
set WORK_DIR            "[pwd]"                         ; # current working directory (expected: <repo>/work)
set CLOCK_PORT          "clk_i"                         ; # clock port (riscv.sdc: create_clock -period 10 [get_ports clk_i])
set RESET_PORT          "rst_i"                         ; # reset port (riscv.sdc: set_case_analysis 0 [get_port rst_i])
set LIBNAME             "saed14rvt"                     ; # primary std-cell library name
set CELL_PREFIX         "SAEDRVT14"                     ; # RVT cell prefix (used by PG/boundary/tap/CTS scripts)
set TECH_NODE           "saed14nm"                      ; # technology node name
set METAL_STACK         "1p9m"                          ; # metal stack
#####################################################################
#####      SAED14 EDK reference data (absolute server paths)    #####
#####################################################################
set EDK_ROOT            "/tech/synopsys/lib/SAED14_EDK"
set TECH_DATA           "${EDK_ROOT}/SAED14nm_EDK_TECH_DATA"
# Technology file (confirmed by project PDF)
set TECH_FILE           "${TECH_DATA}/tf/${TECH_NODE}_${METAL_STACK}.tf"
set TECH_NDM            "path/to/tech_ndm/if/exist"     ; # only used when TECH_BASED == ndm
# Reference libraries: link all three Vt (LVT + RVT + HVT) frame_timing NDMs.
set REF_NDM             "base_frame_timing"             ; # project uses *_base_frame_timing.ndm
set LVT_NDM             "${EDK_ROOT}/SAED14nm_EDK_STD_LVT/ndm/saed14lvt_${REF_NDM}.ndm"
set RVT_NDM             "${EDK_ROOT}/SAED14nm_EDK_STD_RVT/ndm/saed14rvt_${REF_NDM}.ndm"
set HVT_NDM             "${EDK_ROOT}/SAED14nm_EDK_STD_HVT/ndm/saed14hvt_${REF_NDM}.ndm"
set REFERENCE_LIBRARY   [list ${LVT_NDM} ${RVT_NDM} ${HVT_NDM}]
# Parasitics (tlup, confirmed by project PDF)
set TLUP_PATH           "${TECH_DATA}/tlup"
set TLUP_MIN_FILE       "${TLUP_PATH}/${TECH_NODE}_${METAL_STACK}_Cmin.tlup"
set TLUP_NOM_FILE       "${TLUP_PATH}/${TECH_NODE}_${METAL_STACK}_Cnom.tlup"
set TLUP_MAX_FILE       "${TLUP_PATH}/${TECH_NODE}_${METAL_STACK}_Cmax.tlup"
# nxtgrd alternative (only used when PARASITIC == nxtgrd)
set NXTGRD_PATH         "${TECH_DATA}/nxtgrd"
set NXTGRD_MIN_FILE     "${NXTGRD_PATH}/${TECH_NODE}_${METAL_STACK}_Cmin.nxtgrd"
set NXTGRD_NOM_FILE     "${NXTGRD_PATH}/${TECH_NODE}_${METAL_STACK}_Cnom.nxtgrd"
set NXTGRD_MAX_FILE     "${NXTGRD_PATH}/${TECH_NODE}_${METAL_STACK}_Cmax.nxtgrd"
# Layer map for read_parasitic_tech (needed from the floorplan stage on). Confirmed on VNC.
set MAP_PATH            "${TECH_DATA}/map"
set LAYER_MAP_FILE      "${MAP_PATH}/${TECH_NODE}_tf_itf_tluplus.map"
# Sign-off / GDS data (used at step 09). Confirmed on VNC.
set GDS_MAP_FILE        "${MAP_PATH}/${TECH_NODE}_${METAL_STACK}_gdsin_gdsout.map"
set DRC_RUNSET_FILE     "${TECH_DATA}/icv_drc/${TECH_NODE}_${METAL_STACK}_drc_rules.rs"
set MFILL_RUNSET_FILE   "${TECH_DATA}/icv_drc/${TECH_NODE}_${METAL_STACK}_mfill_rules.rs"
# GDS merge files — one per linked Vt library (write_gds -merge_files).
set GDS_FILE            [list \
        "${EDK_ROOT}/SAED14nm_EDK_STD_LVT/gds/saed14lvt.gds" \
        "${EDK_ROOT}/SAED14nm_EDK_STD_RVT/gds/saed14rvt.gds" \
        "${EDK_ROOT}/SAED14nm_EDK_STD_HVT/gds/saed14hvt.gds" ]
# Liberty .db (only used for a frame_only fallback; set from fc_flow_setup.tcl)
set LIBERTY_PATH        "${EDK_ROOT}/liberty"
#####################################################################
#####      Project inputs (committed under ../common)           #####
#####################################################################
set RTL_PATH            "${WORK_DIR}/../common/rtl"
set VERILOG_PATH        "${RTL_PATH}/verilog"                   ; # riscv_core_all.v, riscv_defs.v
set VHDL_PATH           "${RTL_PATH}/vhdl"
set SDC_PATH            "${WORK_DIR}/../common/sdc"
set SDC_FILE            "${SDC_PATH}/riscv.sdc"
#####################################################################
#####      Project outputs (committed under ../results, ../reports) #####
#####################################################################
set RESULTS_PATH        "${WORK_DIR}/../results"                        ; # design library + final netlists/gds/def
set REPORTS_PATH        "${WORK_DIR}/../reports"                        ; # all .rpt deliverables
#### Source the reporting utilities
source ${WORK_DIR}/../Setup/utilities.tcl
source -echo ../Setup/fc_flow_setup.tcl
#####################################################################
#####      Flow Setup Script for Fusion Compiler (Project)      #####
#####################################################################
#
# Adapted from Labs reference/labs/setup/fc_flow_setup.tcl.
set TECH_BASED  "tf"                            ; # "tf" for TECH_FILE-based flow, "ndm" for TECH_NDM-based flow
set PARASITIC   "tlup"                          ; # "tlup" for TLUP files, "nxtgrd" for NXTGRD files
set HDL         "verilog"                       ; # "verilog" or "vhdl"
# PVT operating conditions (SAED14 RVT liberty corners)
set PVT_FF      "ff0p88v125c"                   ; # Fast corner
set PVT_TT      "tt0p8v25c"                     ; # Typical corner
set PVT_SS      "ss0p72vm40c"                   ; # Slow corner
# Liberty .db per corner (only used for a frame_only fallback; frame_timing gets timing from NDM)
set DB_FF       "${LIBERTY_PATH}/${LIBNAME}_${PVT_FF}.db"
set DB_TT       "${LIBERTY_PATH}/${LIBNAME}_${PVT_TT}.db"
set DB_SS       "${LIBERTY_PATH}/${LIBNAME}_${PVT_SS}.db"
# Compute resources (RISC-V core is larger than the lab i2c design)
set_host_options -max_cores 8
1
#### Open the design library and branch a fresh block
open_lib ${RESULTS_PATH}/${DESIGN_LIBRARY}
Information: Loading library file '/project/advvlsi/users/yh3/ws/project_2026/results/riscv_core.dlib' (FILE-007)
Information: Loading library file '/tech/synopsys/lib/SAED14_EDK/SAED14nm_EDK_STD_LVT/ndm/saed14lvt_base_frame_timing.ndm' (FILE-007)
Information: Loading library file '/tech/synopsys/lib/SAED14_EDK/SAED14nm_EDK_STD_RVT/ndm/saed14rvt_base_frame_timing.ndm' (FILE-007)
Information: Loading library file '/tech/synopsys/lib/SAED14_EDK/SAED14nm_EDK_STD_HVT/ndm/saed14hvt_base_frame_timing.ndm' (FILE-007)
{riscv_core.dlib}
# rerun-safe: drop a stale target block from a previous run if present
if {[sizeof_collection [get_blocks -quiet ${DESIGN_NAME}/final_floorplan]] > 0} {
        remove_blocks -force ${DESIGN_NAME}/final_floorplan
}
copy_block -from ${DESIGN_NAME}/inital_syn -to ${DESIGN_NAME}/final_floorplan
Information: Overwriting block 'riscv_core/final_floorplan.design' in library 'riscv_core.dlib'. (DES-025)
Information: User units loaded from library 'saed14lvt_base_frame_timing' (LNK-040)
{riscv_core.dlib:riscv_core/final_floorplan.design}
open_block ${DESIGN_NAME}/final_floorplan
Information: Incrementing open_count of block 'riscv_core.dlib:riscv_core/final_floorplan.design' to 2. (DES-021)
{riscv_core.dlib:riscv_core/final_floorplan.design}
#### Tech setup (site defs, parasitics, routing directions)
source -echo ../Setup/tech_setup.tcl
#####################################################################
#####                   Tech Setup Script                       #####
#####################################################################
#
# Verbatim from Labs reference/labs/setup/tech_setup.tcl.
# Sets the default cell site, reads parasitic tech, and defines routing
# directions for the SAED14 1p9m metal stack. Sourced after a block is
# open (from the floorplan stage onward).
set_attribute [get_site_defs unit] symmetry Y
set_attribute [get_site_defs unit] is_default true
if {[string equal tlup ${PARASITIC}]} {
        read_parasitic_tech -layermap ${LAYER_MAP_FILE} -tlup ${TLUP_MAX_FILE} -name maxTLU
        read_parasitic_tech -layermap ${LAYER_MAP_FILE} -tlup ${TLUP_NOM_FILE} -name nomTLU
        read_parasitic_tech -layermap ${LAYER_MAP_FILE} -tlup ${TLUP_MIN_FILE} -name minTLU
} elseif {[string equal nxtgrd ${PARASITIC}]} {
        read_parasitic_tech -layermap ${LAYER_MAP_FILE} -tlup ${NXTGRD_MAX_FILE} -name maxTLU
        read_parasitic_tech -layermap ${LAYER_MAP_FILE} -tlup ${NXTGRD_NOM_FILE} -name nomTLU
        read_parasitic_tech -layermap ${LAYER_MAP_FILE} -tlup ${NXTGRD_MIN_FILE} -name minTLU
}
Information: The command 'read_parasitic_tech' cleared the undo history. (UNDO-016)
WARNING: Layer mapping file warning. Tech layer 'M1_3' mapped in layer mapping file cannot be found in technology section.
WARNING: Layer mapping file warning. Tech layer 'M2_3' mapped in layer mapping file cannot be found in technology section.
WARNING: Layer mapping file warning. Tech layer 'M3_3' mapped in layer mapping file cannot be found in technology section.
NEX(WARNING): parasitic_tech file: /tech/synopsys/lib/SAED14_EDK/SAED14nm_EDK_TECH_DATA/tlup/saed14nm_1p9m_Cmax.tlup already read in, mandatory 1-to-1 map between tluplus file and paraTech
WARNING: Layer mapping file warning. Tech layer 'M1_3' mapped in layer mapping file cannot be found in technology section.
WARNING: Layer mapping file warning. Tech layer 'M2_3' mapped in layer mapping file cannot be found in technology section.
WARNING: Layer mapping file warning. Tech layer 'M3_3' mapped in layer mapping file cannot be found in technology section.
NEX(WARNING): parasitic_tech file: /tech/synopsys/lib/SAED14_EDK/SAED14nm_EDK_TECH_DATA/tlup/saed14nm_1p9m_Cnom.tlup already read in, mandatory 1-to-1 map between tluplus file and paraTech
WARNING: Layer mapping file warning. Tech layer 'M1_3' mapped in layer mapping file cannot be found in technology section.
WARNING: Layer mapping file warning. Tech layer 'M2_3' mapped in layer mapping file cannot be found in technology section.
WARNING: Layer mapping file warning. Tech layer 'M3_3' mapped in layer mapping file cannot be found in technology section.
NEX(WARNING): parasitic_tech file: /tech/synopsys/lib/SAED14_EDK/SAED14nm_EDK_TECH_DATA/tlup/saed14nm_1p9m_Cmin.tlup already read in, mandatory 1-to-1 map between tluplus file and paraTech
suppress_message ATTR-12
set_attribute [get_layers {M1 M3 M5 M7 M9}]   routing_direction vertical
set_attribute [get_layers {M2 M4 M6 M8 MRDL}] routing_direction horizontal
unsuppress_message ATTR-12
#### Constraints + MCMM (timing becomes real from here on)
read_sdc -echo ${SDC_FILE}
Information: The command 'read_sdc' cleared the undo history. (UNDO-016)
Using libraries: riscv_core.dlib saed14lvt_base_frame_timing saed14rvt_base_frame_timing saed14hvt_base_frame_timing
Visiting block riscv_core.dlib:riscv_core/final_floorplan.design
Warning: No valid clocks available in mode 'default'. Setting clock frequency to 1 GHz. (POW-034)
Design 'riscv_core' was successfully linked.
Information: Loading SDC version 2.1 file '/project/advvlsi/users/yh3/ws/project_2026/common/sdc/riscv.sdc' (FILE-007)
# remove any constraints that were applied from previous runs:
# NOTE: 'remove_sdc' is not valid inside read_sdc in Fusion Compiler and aborts
# the whole file (CMD-005). It is unnecessary here (each scenario reads a fresh
# SDC), so it is commented out to let the constraints below actually load.
# remove_sdc -design
# Set the physical library:
#set_current_design TOP
# Create clock object and set uncertainty
create_clock -period 10 [get_ports clk_i]
set_clock_uncertainty -setup 0.15 [get_clocks clk_i]
# NOTE: original used 'get_port' (singular), which is not a valid FC command
# and aborts read_sdc; corrected to 'get_ports'.
set_case_analysis 0 [get_ports rst_i]
# Set constraints on input ports
#suppress_message UID-401
#suppress_message DCT-306
#set_input_delay 0.2 -max -clock clk_i  [all_inputs]
# NOTE: original used 'remove_from_collection' (a Tcl/app command) which is not
# valid inside read_sdc and aborts the file (CMD-005). read_sdc accepts only SDC
# + basic Tcl (as in the lab i2c SDC). Rewritten with all_inputs; the clock port
# also receiving an input delay is harmless (it is driven by create_clock).
set_input_delay -max 0.2 -clock clk_i [all_inputs]
Information: Timer using 8 threads
#Set constraints on output ports:
set_output_delay 0.2 -max -clock clk_i [all_outputs]     
#set_load -max [expr [load_of $lib_name/AND2X1_HVT/A1] * 15] [all_outputs]
set_clock_transition -max 0.2 [get_clocks clk_i]
1
source -echo ../Setup/mcmm_setup.tcl
#####################################################################
#####                   MCMM Setup Script                       #####
#####################################################################
#
# Verbatim from Labs reference/labs/setup/mcmm_setup.tcl.
# Creates the 3 corners / FUNC mode / 3 scenarios and reads riscv.sdc
# into each scenario. The clock is created inside riscv.sdc (via read_sdc),
# so no clock name is hardcoded here. Sourced after a block is open.
# Remove all MCMM related info
remove_corners   -all
remove_modes     -all
remove_scenarios -all
# Create Corners
create_corner Fast
create_corner Typical
create_corner Slow
# Set parasitics parameters
set_parasitics_parameters -early_spec minTLU -late_spec  minTLU -corners {Fast}
set_parasitics_parameters -early_spec nomTLU -late_spec  nomTLU -corners {Typical}
set_parasitics_parameters -early_spec maxTLU -late_spec  maxTLU -corners {Slow}
# Create Mode
create_mode  FUNC
current_mode FUNC
# Create Scenarios
create_scenario -mode FUNC -corner Fast    -name FUNC_Fast
Created scenario FUNC_Fast for mode FUNC and corner Fast
All analysis types are activated.
create_scenario -mode FUNC -corner Typical -name FUNC_Typical
Created scenario FUNC_Typical for mode FUNC and corner Typical
All analysis types are activated.
create_scenario -mode FUNC -corner Slow    -name FUNC_Slow
Created scenario FUNC_Slow for mode FUNC and corner Slow
All analysis types are activated.
# Read Constraints for each scenario
set scenarios [get_attribute [get_scenarios ] name]
suppress_message UIC-034
foreach scenario ${scenarios} {
        current_scenario ${scenario}
        read_sdc ${SDC_FILE}
}
Information: Loading SDC version 2.1 file '/project/advvlsi/users/yh3/ws/project_2026/common/sdc/riscv.sdc' (FILE-007)
Information: Timer using 8 threads
Information: Loading SDC version 2.1 file '/project/advvlsi/users/yh3/ws/project_2026/common/sdc/riscv.sdc' (FILE-007)
Information: Loading SDC version 2.1 file '/project/advvlsi/users/yh3/ws/project_2026/common/sdc/riscv.sdc' (FILE-007)
# Set operating conditions for each corner and scenario
current_corner Fast
current_scenario FUNC_Fast
set_operating_conditions ${PVT_FF}
current_corner Typical
current_scenario FUNC_Typical
set_operating_conditions ${PVT_TT}
current_corner Slow
current_scenario FUNC_Slow
set_operating_conditions ${PVT_SS}
# Scenario configuration
set_scenario_status FUNC_Fast    -setup false -hold true  -leakage_power false -dynamic_power true  -max_transition false  -max_capacitance true  -active true
Scenario FUNC_Fast (mode FUNC corner Fast) is active for hold/dynamic_power/max_capacitance/min_capacitance/si_noise analysis.
set_scenario_status FUNC_Typical -all -active true
Information: Cellem using advance interpolation.
Scenario FUNC_Typical (mode FUNC corner Typical) is active for setup/hold/leakage_power/dynamic_power/max_transition/max_capacitance/min_capacitance/cell_em/signal_em/glitch_power/si_noise analysis.
set_scenario_status FUNC_Slow    -setup true  -hold false -leakage_power true  -dynamic_power true  -max_transition true   -max_capacitance false  -active true
Scenario FUNC_Slow (mode FUNC corner Slow) is active for setup/leakage_power/dynamic_power/max_transition/min_capacitance/si_noise analysis.
1
#### Initialize the floorplan (tune these for the RISC-V core size)
initialize_floorplan \
        -control_type core \
        -core_utilization 0.60 \
        -core_offset 5 \
        -shape R \
        -side_ratio {1 1} \
        -flip_first_row true
Removing existing floorplan objects
Creating core...
Core utilization ratio = 60.28%
Unplacing all cells...
Creating site array...
Creating routing tracks...
Initializing floorplan completed.
#### Pin placement constraints
# Signal pins on M3/M4, left+bottom sides; clock pin on top (M5).
set ports [remove_from_collection [get_ports] [get_ports {VDD VSS}]]
Warning: No port objects matched 'VDD' (SEL-004)
Warning: No port objects matched 'VSS' (SEL-004)
{clk_i rst_i {mem_d_data_rd_i[31]} {mem_d_data_rd_i[30]} {mem_d_data_rd_i[29]} {mem_d_data_rd_i[28]} {mem_d_data_rd_i[27]} {mem_d_data_rd_i[26]} {mem_d_data_rd_i[25]} {mem_d_data_rd_i[24]} {mem_d_data_rd_i[23]} {mem_d_data_rd_i[22]} {mem_d_data_rd_i[21]} {mem_d_data_rd_i[20]} {mem_d_data_rd_i[19]} {mem_d_data_rd_i[18]} {mem_d_data_rd_i[17]} {mem_d_data_rd_i[16]} {mem_d_data_rd_i[15]} {mem_d_data_rd_i[14]} {mem_d_data_rd_i[13]} {mem_d_data_rd_i[12]} {mem_d_data_rd_i[11]} {mem_d_data_rd_i[10]} {mem_d_data_rd_i[9]} {mem_d_data_rd_i[8]} {mem_d_data_rd_i[7]} {mem_d_data_rd_i[6]} {mem_d_data_rd_i[5]} {mem_d_data_rd_i[4]} {mem_d_data_rd_i[3]} {mem_d_data_rd_i[2]} {mem_d_data_rd_i[1]} {mem_d_data_rd_i[0]} mem_d_accept_i mem_d_ack_i mem_d_error_i {mem_d_resp_tag_i[10]} {mem_d_resp_tag_i[9]} {mem_d_resp_tag_i[8]} {mem_d_resp_tag_i[7]} {mem_d_resp_tag_i[6]} {mem_d_resp_tag_i[5]} {mem_d_resp_tag_i[4]} {mem_d_resp_tag_i[3]} {mem_d_resp_tag_i[2]} {mem_d_resp_tag_i[1]} {mem_d_resp_tag_i[0]} mem_i_accept_i mem_i_valid_i mem_i_error_i {mem_i_inst_i[31]} {mem_i_inst_i[30]} {mem_i_inst_i[29]} {mem_i_inst_i[28]} {mem_i_inst_i[27]} {mem_i_inst_i[26]} {mem_i_inst_i[25]} {mem_i_inst_i[24]} {mem_i_inst_i[23]} {mem_i_inst_i[22]} {mem_i_inst_i[21]} {mem_i_inst_i[20]} {mem_i_inst_i[19]} {mem_i_inst_i[18]} {mem_i_inst_i[17]} {mem_i_inst_i[16]} {mem_i_inst_i[15]} {mem_i_inst_i[14]} {mem_i_inst_i[13]} {mem_i_inst_i[12]} {mem_i_inst_i[11]} {mem_i_inst_i[10]} {mem_i_inst_i[9]} {mem_i_inst_i[8]} {mem_i_inst_i[7]} {mem_i_inst_i[6]} {mem_i_inst_i[5]} {mem_i_inst_i[4]} {mem_i_inst_i[3]} {mem_i_inst_i[2]} {mem_i_inst_i[1]} {mem_i_inst_i[0]} intr_i {reset_vector_i[31]} {reset_vector_i[30]} {reset_vector_i[29]} {reset_vector_i[28]} {reset_vector_i[27]} {reset_vector_i[26]} {reset_vector_i[25]} {reset_vector_i[24]} {reset_vector_i[23]} {reset_vector_i[22]} {reset_vector_i[21]} {reset_vector_i[20]} {reset_vector_i[19]} {reset_vector_i[18]} {reset_vector_i[17]} {reset_vector_i[16]} ...}
set_block_pin_constraints -self \
        -allowed_layers {M3 M4} \
        -sides {1 4} \
        -pin_spacing_distance 1 \
        -width 0.11 \
        -length 0.11
Information: The command 'set_block_pin_constraints' cleared the undo history. (UNDO-016)
Information: Block pin constraints pin_spacing_distance, allowed_layers, sides are set for top block riscv_core/final_floorplan. (DPPA-403)
1
set_individual_pin_constraints \
        -ports [get_ports ${CLOCK_PORT}] \
        -sides 2 \
        -allowed_layers M5
1
place_pins -self -ports ${ports}
Information: Starting 'place_pins' (FLW-8000)
Information: Time: 2026-07-08 14:09:37 / Session:  00:00:16 / Command:  00:00:00 / CPU:  00:00:00 / Memory: 752 MB (FLW-8100)
Load DB...
CPU Time for load db: 00:00:00.01u 00:00:00.00s 00:00:00.02e: 

Min routing layer: M1
Max routing layer: MRDL

Non default block pin constraint setting(s) of top block: riscv_core
pin_spacing_distance: 1.0000
allowed_layers:       M3 M4 
sides:                1 4

CPU Time for Top Level Pre-Route Processing: 00:00:00.00u 00:00:00.00s 00:00:00.00e: 
Warning: Block sides pin constraints conflict with pin clk_i. (DPPA-113)
Warning: The individual pin constraints allowed layers on port clk_i are in conflict with block pin constraints allowed layers or min/max routing layers. (DPPA-417)
Number of block ports: 267
Number of block pin locations assigned from router: 0
CPU Time for Pin Preparation: 00:00:00.00u 00:00:00.00s 00:00:00.00e: 
Warning: Not enough slots available for pin placement. Ignore pin spacing constraints. (DPPA-004)
Warning: Pin mem_i_inst_i[22] is placed with relaxed spacing constraint. (DPPA-379)
Warning: Pin mem_i_inst_i[23] is placed with relaxed spacing constraint. (DPPA-379)
Warning: Pin mem_i_inst_i[24] is placed with relaxed spacing constraint. (DPPA-379)
Warning: Pin mem_i_inst_i[25] is placed with relaxed spacing constraint. (DPPA-379)
Warning: Pin mem_i_inst_i[26] is placed with relaxed spacing constraint. (DPPA-379)
Warning: Pin mem_i_inst_i[27] is placed with relaxed spacing constraint. (DPPA-379)
Warning: Pin mem_i_inst_i[28] is placed with relaxed spacing constraint. (DPPA-379)
Warning: Pin mem_i_inst_i[29] is placed with relaxed spacing constraint. (DPPA-379)
Warning: Pin mem_i_inst_i[30] is placed with relaxed spacing constraint. (DPPA-379)
Warning: Pin mem_i_inst_i[31] is placed with relaxed spacing constraint. (DPPA-379)
Note - message 'DPPA-379' limit (10) exceeded. Remainder will be suppressed.
Number of PG ports on blocks: 0
Number of pins created: 267
Warning: 62 pins on block riscv_core have been placed with relaxed pin spacing constraint(s). (DPPA-089)
CPU Time for Pin Creation: 00:00:00.05u 00:00:00.00s 00:00:00.05e: 
Total Pin Placement CPU Time: 00:00:00.07u 00:00:00.00s 00:00:00.07e: 
Information: Ending   'place_pins' (FLW-8001)
Information: Time: 2026-07-08 14:09:37 / Session:  00:00:16 / Command:  00:00:00 / CPU:  00:00:00 / Memory: 756 MB (FLW-8100)
1
#### Insert boundary and TAP cells (provided script; SAEDRVT14 prefix)
source -echo ../scripts/insert_boundary_and_tap_cells.tcl
#####################################################################
#####                   Boundary/TAP cell insertion             #####
#####################################################################
#### Inserting boundary cells
set CELL_PREFIX         "SAEDRVT14"
set_boundary_cell_rules  \
        -top_boundary_cells                */${CELL_PREFIX}_CAPT2 \
        -bottom_boundary_cells             */${CELL_PREFIX}_CAPB2 \
        -left_boundary_cell                */${CELL_PREFIX}_CAPT2 \
        -right_boundary_cell               */${CELL_PREFIX}_CAPB2 \
        -top_left_outside_corner_cell      */${CELL_PREFIX}_CAPTIN13 \
        -top_right_outside_corner_cell     */${CELL_PREFIX}_CAPTIN13 \
        -bottom_left_outside_corner_cell   */${CELL_PREFIX}_CAPBIN13 \
        -bottom_right_outside_corner_cell  */${CELL_PREFIX}_CAPBIN13 
#       -mirror_left_outside_corner_cell \
#       -mirror_right_outside_corner_cell 
compile_boundary_cells
Warning: Detected use of obsolete/unsupported feature.  The following
                will not be available in a future release of the application:
                compile_boundary_cells. Use compile_targeted_boundary_cells instead (CMD-100)
Using AL to insert boundary cells
Warning: Routing direction of metal layer PO is neither "horizontal" nor "vertical".  PDC checks will not be performed on this layer. (PDC-003)
PDC app_options settings =========
        place.legalize.enable_prerouted_net_check: 1
        place.legalize.num_tracks_for_access_check: 1
        place.legalize.use_eol_spacing_for_access_check: 0
        place.legalize.allow_touch_track_for_access_check: 1
        place.legalize.reduce_conservatism_in_eol_check: 0
        place.legalize.preroute_shape_merge_distance: 0.0
        place.legalize.enable_non_preferred_direction_span_check: 0

Layer M1: cached 0 shapes out of 0 total shapes.
Layer M2: cached 0 shapes out of 0 total shapes.
Layer M3: cached 0 shapes out of 0 total shapes.
Cached 0 vias out of 0 total vias.
Warning: No 1x or 2x + 3x wide cells provided for top or bottom option. (CHF-125)
Information: Starting boundary cell insertion into riscv_core/final_floorplan using site master "unit". (CHF-200)
        10% complete ...
        20% complete ...
        30% complete ...
        40% complete ...
        50% complete ...
        60% complete ...
        70% complete ...
        80% complete ...
        90% complete ...
Information: Total 170 left cells inserted successfully into riscv_core/final_floorplan. (CHF-100)
Information: Total 0 bottom cells inserted successfully into riscv_core/final_floorplan. (CHF-100)
Information: Total 170 right cells inserted successfully into riscv_core/final_floorplan. (CHF-100)
Information: Total 684 top cells inserted successfully into riscv_core/final_floorplan. (CHF-100)
Information: Total 0 bottom left outside cells inserted successfully into riscv_core/final_floorplan. (CHF-100)
Information: Total 0 bottom right outside cells inserted successfully into riscv_core/final_floorplan. (CHF-100)
Information: Total 2 top left outside cells inserted successfully into riscv_core/final_floorplan. (CHF-100)
Information: Total 2 top right outside cells inserted successfully into riscv_core/final_floorplan. (CHF-100)
Information: Total 1028 boundary cells inserted successfully into riscv_core/final_floorplan. (CHF-100)
#### Inserting TAP cells
create_tap_cells   \
         -lib_cell  */${CELL_PREFIX}_TAPDS \
         -distance 30  \
         -skip_fixed_cells
* Disjointed site row process : FALSE
Using AL to insert tap cells
Information: tap_to_tap_distance is not a hard rule at tap insertion stage. Please set place.legalize.ignore_tap_to_tap_distance_rule to true to bypass the check.
Warning: Routing direction of metal layer PO is neither "horizontal" nor "vertical".  PDC checks will not be performed on this layer. (PDC-003)
PDC app_options settings =========
        place.legalize.enable_prerouted_net_check: 1
        place.legalize.num_tracks_for_access_check: 1
        place.legalize.use_eol_spacing_for_access_check: 0
        place.legalize.allow_touch_track_for_access_check: 1
        place.legalize.reduce_conservatism_in_eol_check: 0
        place.legalize.preroute_shape_merge_distance: 0.0
        place.legalize.enable_non_preferred_direction_span_check: 0

Layer M1: cached 0 shapes out of 0 total shapes.
Layer M2: cached 0 shapes out of 0 total shapes.
Layer M3: cached 0 shapes out of 0 total shapes.
Cached 0 vias out of 0 total vias.
Information: Starting tap cell insertion into riscv_core/final_floorplan using site master "unit". (CHF-200)
        10% complete ...
        20% complete ...
        30% complete ...
        40% complete ...
        50% complete ...
        60% complete ...
        70% complete ...
        80% complete ...
        90% complete ...
Information: Total 680 tap cells inserted successfully into riscv_core/final_floorplan. (CHF-100)
#### Create the Power/Ground network (provided script; rails/rings/mesh/vias + checks)
source -echo ../scripts/create_pg_network.tcl
#####################################################################
#####                   Create PG Network Script                #####
#####################################################################
create_net -power VDD
create_net -ground VSS
#### Remove PG related data
remove_pg_via_master_rules -all
Information: The command 'remove_pg_via_master_rules' cleared the undo history. (UNDO-016)
No via def rule is found.
remove_pg_patterns -all
No pattern is found.
remove_pg_strategies -all
All strategies have been removed.
remove_pg_strategy_via_rules -all
All strategy via rules have been removed.
remove_routes -ring -stripe -lib_cell_pin_connect 
Remove no route shapes with specified net types and shape uses.
#### Set PG net attribute
set_attribute -objects [get_nets VDD] -name net_type -value power
set_attribute -objects [get_nets VSS] -name net_type -value ground
#### Create VIA strategy rule VIA_NIL
set_pg_strategy_via_rule VIA_NIL -via_rule { {intersection: undefined} {via_master: NIL} }
Information: The command 'set_pg_strategy_via_rule' cleared the undo history. (UNDO-016)
Successfully set strategy via rule VIA_NIL.
#### Create PG Rails for standard cells
create_pg_std_cell_conn_pattern M1_rail -layers {M1} -rail_width {@wtop @wbottom} -parameters {wtop wbottom}
Successfully create standard cell rail pattern M1_rail.
set_pg_strategy M1_rail_strategy_pwr -core -pattern {{name: M1_rail} {nets: VDD} {parameters: {0.094 0.094}}}
Successfully set PG strategy M1_rail_strategy_pwr.
set_pg_strategy M1_rail_strategy_gnd -core -pattern {{name: M1_rail} {nets: VSS} {parameters: {0.094 0.094}}}
Successfully set PG strategy M1_rail_strategy_gnd.
compile_pg -strategies M1_rail_strategy_pwr -ignore_drc
Sanity check for inputs.
No strategy-level via rule is specified, the default rule will be applied.
DRC checking and fixing will be skipped for created shapes.
Automatic PG net connection through connect_pg_net is disabled.
Updating PG strategies.
Updating strategy M1_rail_strategy_pwr.
Loading library and design information.
Number of Standard Cells: 0
Number of Hard Macros: 0
Number of Pads: 0
Creating standard cell rails.
Creating standard cell rails for strategy M1_rail_strategy_pwr.
Creating via connection between strategies and existing shapes.
via connection runtime: 0 seconds.
Commiting wires and vias.
Committing wires takes 0.00 seconds.
Committing vias takes 0.00 seconds.
Committed 87 wires.
Committed 0 vias.
Committed 0 wires for via creation.
Overall PG creation runtime: 0 seconds.
Successfully compiled PG.
Overall runtime: 0 seconds.
compile_pg -strategies M1_rail_strategy_gnd -ignore_drc
Sanity check for inputs.
No strategy-level via rule is specified, the default rule will be applied.
DRC checking and fixing will be skipped for created shapes.
Automatic PG net connection through connect_pg_net is disabled.
Updating PG strategies.
Updating strategy M1_rail_strategy_gnd.
Loading library and design information.
Number of Standard Cells: 0
Number of Hard Macros: 0
Number of Pads: 0
Creating standard cell rails.
Creating standard cell rails for strategy M1_rail_strategy_gnd.
Creating via connection between strategies and existing shapes.
via connection runtime: 0 seconds.
Commiting wires and vias.
Committing wires takes 0.00 seconds.
Committing vias takes 0.00 seconds.
Committed 86 wires.
Committed 0 vias.
Committed 0 wires for via creation.
Overall PG creation runtime: 1 seconds.
Successfully compiled PG.
Overall runtime: 1 seconds.
#### Create PG Rings
create_pg_ring_pattern \
                 PG_Ring_VSS \
                 -horizontal_layer M6  -vertical_layer M7  \
                 -horizontal_width 1 -vertical_width 1 \
                 -horizontal_spacing 1 -vertical_spacing 1
Successfully create PG ring pattern PG_Ring_VSS.
set_pg_strategy PG_Ring_VSS -core -pattern {{ name: PG_Ring_VSS} { nets: "VSS" } {offset: 0.5}}
Successfully set PG strategy PG_Ring_VSS.
create_pg_ring_pattern \
                 PG_Ring_VDD \
                 -horizontal_layer M4  -vertical_layer M5 \
                 -horizontal_width 1 -vertical_width 1 \
                 -horizontal_spacing 1 -vertical_spacing 1
Successfully create PG ring pattern PG_Ring_VDD.
set_pg_strategy PG_Ring_VDD -core -pattern {{ name: PG_Ring_VDD} { nets: "VDD" } {offset: 0.5}}
Successfully set PG strategy PG_Ring_VDD.
compile_pg -strategies { PG_Ring_VDD PG_Ring_VSS } -via_rule VIA_NIL
Sanity check for inputs.
Automatic PG net connection through connect_pg_net is disabled.
Updating PG strategies.
Updating strategy PG_Ring_VDD.
Updating strategy PG_Ring_VSS.
Loading library and design information.
Number of Standard Cells: 0
Number of Hard Macros: 0
Number of Pads: 0
Creating rings.
Removing dangling/floating wire/vias after DRC check.
Start iteration 1:
Checking potential dangling/floating power plan wires.
Checking dangling/floating vias inside strategy PG_Ring_VDD.
Checking 4 stacked vias:0% 20% 50% 70% 100%
Checking dangling/floating vias inside strategy PG_Ring_VSS.
Checking 4 stacked vias:0% 20% 50% 70% 100%
Finish removing all dangling or floating wires and vias.
Commiting wires and vias.
Committing wires takes 0.00 seconds.
Committing vias takes 0.00 seconds.
Committed 8 wires.
Committed 8 vias.
Committed 0 wires for via creation.
Overall PG creation runtime: 0 seconds.
Successfully compiled PG.
Overall runtime: 0 seconds.
# NOTE (Option B): the provided script created M4 *vertical* straps + M4->M1 vias,
# but tech_setup declares M4 horizontal (lab convention), so M4 straps could not
# via down to the horizontal M1 rails and VSS was left floating. We drop the M4
# straps and distribute vertically on M5 (M5->M1), exactly like the lab PG.
# (Original M4-strap version kept in backups/create_pg_network.provided_M4stack.tcl.)
#### Create M5 Vertical PG Straps
create_pg_mesh_pattern M5_PG \
        -layers { {vertical_layer: M5}   {width: 0.1} {spacing: interleaving} {pitch: 4} {offset: 0.5} }
Successfully create mesh pattern M5_PG.
set_pg_strategy M5_PG_Strategy \
        -core \
        -pattern   { {name: M5_PG} {nets:{VSS VDD}} } \
        -extension { {stop: design_boundary_and_generate_pin} }
Successfully set PG strategy M5_PG_Strategy.
compile_pg -strategies {M5_PG_Strategy} -via_rule VIA_NIL
Sanity check for inputs.
Automatic PG net connection through connect_pg_net is disabled.
Updating PG strategies.
Updating strategy M5_PG_Strategy.
Loading library and design information.
Number of Standard Cells: 0
Number of Hard Macros: 0
Number of Pads: 0
Creating straps and vias in power plan.
Creating wire shapes for strategies M5_PG_Strategy .
Creating wire shapes runtime: 0 seconds
Blockage cutting and DRC fixing for wire shapes for strategies M5_PG_Strategy .
Check and fix DRC for 52 wires for strategy M5_PG_Strategy.
Number of threads: 8
Number of partitions: 5
Direction of partitions: vertical
Number of wires: 52
Checking DRC for 52 wires:5% 10% 15% 20% 25% 30% 35% 40% 45% 50% 55% 60% 65% 70% 75% 80% 85% 95% 100%
Creating 52 wires after DRC fixing.
Wire DRC checking runtime 0.00 seconds.
Creating via shapes for strategies M5_PG_Strategy .
Number of threads: 8
Working on strategy M5_PG_Strategy.
Number of detected intersections: 0
Total runtime of via shapes creation: 0 seconds
Runtime of via DRC checking for strategy M5_PG_Strategy: 0.00 seconds.
Removing dangling/floating wire/vias after DRC check.
Start iteration 1:
Checking potential dangling/floating power plan wires.
Finish removing all dangling or floating wires and vias.
Commiting wires and vias.
Committing wires takes 0.00 seconds.
Committing vias takes 0.00 seconds.
Committed 156 wires.
Committed 0 vias.
Committed 0 wires for via creation.
Created 104 pins at design boundary.
Overall PG creation runtime: 0 seconds.
Successfully compiled PG.
Overall runtime: 0 seconds.
#### Create M6 Horizontal PG Straps
create_pg_mesh_pattern M6_PG \
        -layers { {horizontal_layer: M6}   {width: 0.2} {spacing: interleaving} {pitch: 4} {offset: 0.5} }
Successfully create mesh pattern M6_PG.
set_pg_strategy M6_PG_Strategy \
        -core \
        -pattern   { {name: M6_PG} {nets:{VSS VDD}} } \
        -extension { {stop: design_boundary_and_generate_pin} }
Successfully set PG strategy M6_PG_Strategy.
compile_pg -strategies {M6_PG_Strategy} -via_rule VIA_NIL
Sanity check for inputs.
Automatic PG net connection through connect_pg_net is disabled.
Updating PG strategies.
Updating strategy M6_PG_Strategy.
Loading library and design information.
Number of Standard Cells: 0
Number of Hard Macros: 0
Number of Pads: 0
Creating straps and vias in power plan.
Creating wire shapes for strategies M6_PG_Strategy .
Creating wire shapes runtime: 0 seconds
Blockage cutting and DRC fixing for wire shapes for strategies M6_PG_Strategy .
Check and fix DRC for 52 wires for strategy M6_PG_Strategy.
Number of threads: 8
Number of partitions: 5
Direction of partitions: horizontal
Number of wires: 52
Checking DRC for 52 wires:5% 10% 15% 20% 25% 30% 35% 40% 45% 50% 55% 60% 70% 75% 80% 85% 90% 95% 100%
Creating 52 wires after DRC fixing.
Wire DRC checking runtime 0.00 seconds.
Creating via shapes for strategies M6_PG_Strategy .
Number of threads: 8
Working on strategy M6_PG_Strategy.
Number of detected intersections: 0
Total runtime of via shapes creation: 0 seconds
Runtime of via DRC checking for strategy M6_PG_Strategy: 0.00 seconds.
Removing dangling/floating wire/vias after DRC check.
Start iteration 1:
Checking potential dangling/floating power plan wires.
Finish removing all dangling or floating wires and vias.
Commiting wires and vias.
Committing wires takes 0.00 seconds.
Committing vias takes 0.00 seconds.
Committed 156 wires.
Committed 0 vias.
Committed 0 wires for via creation.
Created 104 pins at design boundary.
Overall PG creation runtime: 0 seconds.
Successfully compiled PG.
Overall runtime: 0 seconds.
#### Create M7 Vertical PG Straps
create_pg_mesh_pattern M7_PG \
        -layers { {vertical_layer: M7}   {width: 0.2} {spacing: interleaving} {pitch: 4} {offset: 0.5} }
Successfully create mesh pattern M7_PG.
set_pg_strategy M7_PG_Strategy \
        -core \
        -pattern   { {name: M7_PG} {nets:{VSS VDD}} } \
        -extension { {stop: design_boundary_and_generate_pin} }
Successfully set PG strategy M7_PG_Strategy.
compile_pg -strategies {M7_PG_Strategy} -via_rule VIA_NIL
Sanity check for inputs.
Automatic PG net connection through connect_pg_net is disabled.
Updating PG strategies.
Updating strategy M7_PG_Strategy.
Loading library and design information.
Number of Standard Cells: 0
Number of Hard Macros: 0
Number of Pads: 0
Creating straps and vias in power plan.
Creating wire shapes for strategies M7_PG_Strategy .
Creating wire shapes runtime: 0 seconds
Blockage cutting and DRC fixing for wire shapes for strategies M7_PG_Strategy .
Check and fix DRC for 52 wires for strategy M7_PG_Strategy.
Number of threads: 8
Number of partitions: 5
Direction of partitions: vertical
Number of wires: 52
Checking DRC for 52 wires:5% 10% 15% 20% 25% 30% 35% 40% 45% 50% 55% 60% 65% 70% 75% 80% 85% 90% 95% 100%
Creating 52 wires after DRC fixing.
Wire DRC checking runtime 0.00 seconds.
Creating via shapes for strategies M7_PG_Strategy .
Number of threads: 8
Working on strategy M7_PG_Strategy.
Number of detected intersections: 0
Total runtime of via shapes creation: 0 seconds
Runtime of via DRC checking for strategy M7_PG_Strategy: 0.00 seconds.
Removing dangling/floating wire/vias after DRC check.
Start iteration 1:
Checking potential dangling/floating power plan wires.
Finish removing all dangling or floating wires and vias.
Commiting wires and vias.
Committing wires takes 0.00 seconds.
Committing vias takes 0.00 seconds.
Committed 156 wires.
Committed 0 vias.
Committed 0 wires for via creation.
Created 104 pins at design boundary.
Overall PG creation runtime: 0 seconds.
Successfully compiled PG.
Overall runtime: 0 seconds.
#### Create PG VIAs (distribute down from the M5 vertical mesh to the M1 rails)
create_pg_vias -from_layers M5 -to_layers M1 -via_masters default -nets {VDD VSS}
Initializing drc engine runtime: 0 seconds.
Design loading runtime: 0 seconds.
Net load_neting runtime: 0 seconds.
Query intersections and create vias.
Object query runtime: 0 seconds.
Determining intersections for 229 shapes starts
Intersection detection runtime: 0 seconds.
Instantiating vias for 4498 intersections starts
Via instantiation runtime: 0 seconds.
Starting via DRC checking ...
Number of threads: 8
Number of partitions: 16
Direction of partitions: horizontal
Number of vias: 4498
Checking DRC for 4498 stacked vias:5% 10% 15% 20% 25% 30% 35% 40% 45% 50% 55% 60% 65% 70% 75% 80% 85% 90% 95% 100%
Overall via DRC checking runtime: 0 seconds.
Checking dangling/floating vias.
Start iteration 1: Checking 4498 stacked vias:0% 10% 20% 30% 40% 50% 60% 70% 80% 90% 100%
Committed 17992 vias.
Committing vias takes 1.00 seconds.
Overall runtime: 1 seconds.
Successfully created PG Vias.
create_pg_vias -from_layers M6 -to_layers M5 -via_masters default -nets {VDD VSS}
Initializing drc engine runtime: 0 seconds.
Design loading runtime: 0 seconds.
Net load_neting runtime: 0 seconds.
Query intersections and create vias.
Object query runtime: 0 seconds.
Determining intersections for 108 shapes starts
Intersection detection runtime: 0 seconds.
Instantiating vias for 1456 intersections starts
Via instantiation runtime: 0 seconds.
Starting via DRC checking ...
Number of threads: 8
Number of partitions: 3
Direction of partitions: vertical
Number of vias: 52
Checking DRC for 52 stacked vias:5% 10% 15% 20% 25% 30% 35% 40% 45% 50% 55% 60% 65% 70% 75% 80% 85% 90% 95% 100%
Number of threads: 8
Number of partitions: 5
Direction of partitions: horizontal
Number of vias: 1404
Checking DRC for 1404 stacked vias:5% 10% 15% 20% 25% 30% 40% 45% 50% 55% 60% 65% 70% 75% 80% 85% 90% 95% 100%
Overall via DRC checking runtime: 0 seconds.
Checking dangling/floating vias.
Start iteration 1: Checking 1456 stacked vias:0% 10% 20% 30% 40% 50% 60% 70% 80% 90% 100%
Committed 1456 vias.
Committing vias takes 0.00 seconds.
Overall runtime: 0 seconds.
Successfully created PG Vias.
create_pg_vias -from_layers M7 -to_layers M6 -via_masters default -nets {VDD VSS}
Initializing drc engine runtime: 0 seconds.
Design loading runtime: 0 seconds.
Net load_neting runtime: 0 seconds.
Query intersections and create vias.
Object query runtime: 0 seconds.
Determining intersections for 108 shapes starts
Intersection detection runtime: 0 seconds.
Instantiating vias for 1456 intersections starts
Via instantiation runtime: 0 seconds.
Starting via DRC checking ...
Number of threads: 8
Number of partitions: 3
Direction of partitions: vertical
Number of vias: 52
Checking DRC for 52 stacked vias:5% 10% 15% 20% 25% 30% 35% 40% 45% 50% 55% 60% 65% 70% 75% 80% 85% 90% 95% 100%
52 large vertical vias are not fixed
Number of threads: 8
Number of partitions: 5
Direction of partitions: horizontal
Number of vias: 1404
Checking DRC for 1404 stacked vias:5% 10% 15% 20% 25% 30% 35% 40% 45% 50% 55% 60% 65% 70% 75% 80% 85% 90% 95% 100%
1352 regular vias are not fixed
Overall via DRC checking runtime: 0 seconds.
Checking dangling/floating vias.
Start iteration 1: Checking 52 stacked vias:0% 10% 20% 30% 40% 50% 60% 70% 80% 90% 100%
Committed 52 vias.
Committing vias takes 0.00 seconds.
Overall runtime: 0 seconds.
Successfully created PG Vias.
#### Connect PG nets
connect_pg_net -net VDD [get_pins -hierarchical  */VDD]
connect_pg_net -net VSS [get_pins -hierarchical  */VSS]
#### Check created PG structure
check_pg_connectivity
Information: The command 'check_pg_connectivity' cleared the undo history. (UNDO-016)
Checking secondary net through power switch is enabled. 
Secondary net will be checked together from primary net. They will be treated as the same net
Primary Net : VDD    Secondary Net:
Primary Net : VSS    Secondary Net:
Loading cell instances...
Number of Standard Cells: 13670
Number of Macro Cells: 0
Number of IO Pad Cells: 0
Number of Blocks: 0
Loading P/G wires and vias...
Number of VDD Wires: 6955
Number of VDD Vias: 9780
Number of VDD Terminals: 156
**************Verify net VDD connectivity*****************
  Number of floating wires: 26
  Number of floating vias: 0
  Number of floating std cells: 9453
  Number of floating hard macros: 0
  Number of floating I/O pads: 0
  Number of floating terminals: 52
  Number of floating hierarchical blocks: 0
************************************************************
Loading cell instances...
Loading P/G wires and vias...
Number of VSS Wires: 6876
Number of VSS Vias: 9728
Number of VSS Terminals: 156
**************Verify net VSS connectivity*****************
  Number of floating wires: 26
  Number of floating vias: 0
  Number of floating std cells: 9453
  Number of floating hard macros: 0
  Number of floating I/O pads: 0
  Number of floating terminals: 52
  Number of floating hierarchical blocks: 0
************************************************************
Overall runtime: 0 seconds.
check_pg_drc
Command check_pg_drc started  at Wed Jul  8 14:09:44 2026
Command check_pg_drc finished at Wed Jul  8 14:09:44 2026
CPU usage for check_pg_drc: 0.36 seconds ( 0.00 hours)
Elapsed time for check_pg_drc: 0.06 seconds ( 0.00 hours)
No errors found.
#### Save the floorplan for the record (script form + DEF)
# write_floorplan errors if the output dir already exists — clear it for rerun safety
file delete -force -- ${RESULTS_PATH}/write_floorplan_files
write_floorplan -output ${RESULTS_PATH}/write_floorplan_files
Writing floorplan for riscv_core.design
Information: Fill shapes with 'active_fill' purpose will be skipped from output DEF. (DEFW-032)
Information: Creating dummy net '_dummynet0' for unconnected port 'mem_d_resp_tag_i[10]'. (DEFW-006)
Information: Creating dummy net '_dummynet1' for unconnected port 'mem_d_resp_tag_i[9]'. (DEFW-006)
Information: Creating dummy net '_dummynet2' for unconnected port 'mem_d_resp_tag_i[8]'. (DEFW-006)
Information: Creating dummy net '_dummynet3' for unconnected port 'mem_d_resp_tag_i[7]'. (DEFW-006)
Information: Creating dummy net '_dummynet4' for unconnected port 'mem_d_resp_tag_i[6]'. (DEFW-006)
Information: Creating dummy net '_dummynet5' for unconnected port 'mem_d_resp_tag_i[5]'. (DEFW-006)
Information: Creating dummy net '_dummynet6' for unconnected port 'mem_d_resp_tag_i[4]'. (DEFW-006)
Information: Creating dummy net '_dummynet7' for unconnected port 'mem_d_resp_tag_i[3]'. (DEFW-006)
Information: Creating dummy net '_dummynet8' for unconnected port 'mem_d_resp_tag_i[2]'. (DEFW-006)
Information: Creating dummy net '_dummynet9' for unconnected port 'mem_d_resp_tag_i[1]'. (DEFW-006)
Information: Creating dummy net '_dummynet10' for unconnected port 'mem_d_resp_tag_i[0]'. (DEFW-006)
Information: Creating dummy net '_dummynet11' for unconnected port 'reset_vector_i[1]'. (DEFW-006)
Information: Creating dummy net '_dummynet12' for unconnected port 'reset_vector_i[0]'. (DEFW-006)
1
write_def ${RESULTS_PATH}/${DESIGN_NAME}_floorplan.def
****************************************
Report : Data Mismatches
Version: V-2023.12-SP3
Date   : Wed Jul  8 14:09:45 2026
****************************************
No mismatches exist on the design.
Information: Fill shapes with 'active_fill' purpose will be skipped from output DEF. (DEFW-032)
Information: Creating dummy net '_dummynet0' for unconnected port 'mem_d_resp_tag_i[10]'. (DEFW-006)
Information: Creating dummy net '_dummynet1' for unconnected port 'mem_d_resp_tag_i[9]'. (DEFW-006)
Information: Creating dummy net '_dummynet2' for unconnected port 'mem_d_resp_tag_i[8]'. (DEFW-006)
Information: Creating dummy net '_dummynet3' for unconnected port 'mem_d_resp_tag_i[7]'. (DEFW-006)
Information: Creating dummy net '_dummynet4' for unconnected port 'mem_d_resp_tag_i[6]'. (DEFW-006)
Information: Creating dummy net '_dummynet5' for unconnected port 'mem_d_resp_tag_i[5]'. (DEFW-006)
Information: Creating dummy net '_dummynet6' for unconnected port 'mem_d_resp_tag_i[4]'. (DEFW-006)
Information: Creating dummy net '_dummynet7' for unconnected port 'mem_d_resp_tag_i[3]'. (DEFW-006)
Information: Creating dummy net '_dummynet8' for unconnected port 'mem_d_resp_tag_i[2]'. (DEFW-006)
Information: Creating dummy net '_dummynet9' for unconnected port 'mem_d_resp_tag_i[1]'. (DEFW-006)
Information: Creating dummy net '_dummynet10' for unconnected port 'mem_d_resp_tag_i[0]'. (DEFW-006)
Information: Creating dummy net '_dummynet11' for unconnected port 'reset_vector_i[1]'. (DEFW-006)
Information: Creating dummy net '_dummynet12' for unconnected port 'reset_vector_i[0]'. (DEFW-006)
---------------------------------------
Number of Written DEF Constructs
---------------------------------------
VERSION                        : 1
DIVIDERCHAR                    : 1
BUSBITCHARS                    : 1
DESIGN                         : 1
UNITS                          : 1
PROPERTYDEFINITIONS            : 1
DIEAREA                        : 1
ROW                            : 172
TRACKS                         : 20
VIAS                           : 6
COMPONENTS                     : 13670
PINS                           : 269
PINPROPERTIES                  : 267
SPECIALNETS                    : 2
NETS                           : 12818
1
#### Analyze and collect reports
report_utilization
****************************************
Report : report_utilization
Design : riscv_core
Version: V-2023.12-SP3
Date   : Wed Jul  8 14:09:45 2026
****************************************
Utilization Ratio:                      0.6028
Utilization options:
 - Area calculation based on:           site_row of block riscv_core/final_floorplan
 - Categories of objects excluded:      hard_macros macro_keepouts soft_macros io_cells hard_blockages 
Total Area:                             10699.1568
Total Capacity Area:                    10699.1568
Total Area of cells:                    6449.4108
Area of excluded objects:
 - hard_macros         :                0.0000
 - macro_keepouts      :                0.0000
 - soft_macros         :                0.0000
 - io_cells            :                0.0000
 - hard_blockages      :                0.0000
Total Area of excluded objects:         0.0000
Ratio of excluded objects:              0.0000

Utilization of site-rows with:
 - Site 'unit':                         0.6028

0.6028
report_pg_drc final_floorplan
Collecting PG connectivity/DRC report for final_floorplan stage...
collect_reports final_floorplan
Collecting reports for final_floorplan stage...
Reports are generated for final_floorplan stage.
get_blocks -all
{riscv_core.dlib:riscv_core.design riscv_core.dlib:riscv_core/rtl_read.design riscv_core.dlib:riscv_core/inital_syn.design riscv_core.dlib:riscv_core/final_floorplan.design riscv_core.dlib:riscv_core/place_opt.design}
save_block
Information: Saving block 'riscv_core.dlib:riscv_core/final_floorplan.design'
1
save_lib
Saving library 'riscv_core.dlib'
1
# NOTE: no 'exit' — block/lib already saved; run 'gui_start' to inspect, 'exit' when done.
Information: 6554 out of 6564 POW-046 messages were not printed due to limit 10  (MSG-3913)
Information: 11 out of 21 SQM-1067 messages were not printed due to limit 10  (MSG-3913)
fc_shell> exit
Maximum memory usage for this session: 1334.67 MB
Maximum memory usage for this session including child processes: 1334.67 MB
CPU usage for this session:     68 seconds (  0.02 hours)
Elapsed time for this session:    287 seconds (  0.08 hours)
Thank you for using Fusion Compiler.

